{"C:\\Users\\fozan\\OneDrive\\Documents\\GitHub\\React-Weather-App\\src\\ApiConfig\\ApiConfig.ts": {"path":"C:\\Users\\fozan\\OneDrive\\Documents\\GitHub\\React-Weather-App\\src\\ApiConfig\\ApiConfig.ts","all":false,"statementMap":{"0":{"start":{"line":1,"column":0},"end":{"line":1,"column":51}},"1":{"start":{"line":2,"column":0},"end":{"line":2,"column":23}},"2":{"start":{"line":3,"column":0},"end":{"line":3,"column":56}},"3":{"start":{"line":4,"column":0},"end":{"line":4,"column":25}}},"s":{"0":1,"1":1,"2":1,"3":1},"branchMap":{},"b":{},"fnMap":{},"f":{}}
,"C:\\Users\\fozan\\OneDrive\\Documents\\GitHub\\React-Weather-App\\src\\Components\\Complex\\WeatherForecastCard.tsx": {"path":"C:\\Users\\fozan\\OneDrive\\Documents\\GitHub\\React-Weather-App\\src\\Components\\Complex\\WeatherForecastCard.tsx","all":false,"statementMap":{"0":{"start":{"line":1,"column":0},"end":{"line":1,"column":41}},"1":{"start":{"line":2,"column":0},"end":{"line":2,"column":46}},"2":{"start":{"line":3,"column":0},"end":{"line":3,"column":66}},"3":{"start":{"line":4,"column":0},"end":{"line":4,"column":65}},"4":{"start":{"line":5,"column":0},"end":{"line":5,"column":72}},"5":{"start":{"line":6,"column":0},"end":{"line":6,"column":0}},"6":{"start":{"line":7,"column":0},"end":{"line":7,"column":45}},"7":{"start":{"line":8,"column":0},"end":{"line":8,"column":69}},"8":{"start":{"line":9,"column":0},"end":{"line":9,"column":71}},"9":{"start":{"line":10,"column":0},"end":{"line":10,"column":35}},"10":{"start":{"line":11,"column":0},"end":{"line":11,"column":0}},"11":{"start":{"line":12,"column":0},"end":{"line":12,"column":19}},"12":{"start":{"line":13,"column":0},"end":{"line":13,"column":36}},"13":{"start":{"line":14,"column":0},"end":{"line":14,"column":43}},"14":{"start":{"line":15,"column":0},"end":{"line":15,"column":5}},"15":{"start":{"line":16,"column":0},"end":{"line":16,"column":56}},"16":{"start":{"line":17,"column":0},"end":{"line":17,"column":0}},"17":{"start":{"line":18,"column":0},"end":{"line":18,"column":46}},"18":{"start":{"line":19,"column":0},"end":{"line":19,"column":59}},"19":{"start":{"line":20,"column":0},"end":{"line":20,"column":0}},"20":{"start":{"line":21,"column":0},"end":{"line":21,"column":10}},"21":{"start":{"line":22,"column":0},"end":{"line":22,"column":38}},"22":{"start":{"line":23,"column":0},"end":{"line":23,"column":94}},"23":{"start":{"line":24,"column":0},"end":{"line":24,"column":45}},"24":{"start":{"line":25,"column":0},"end":{"line":25,"column":67}},"25":{"start":{"line":26,"column":0},"end":{"line":26,"column":11}},"26":{"start":{"line":27,"column":0},"end":{"line":27,"column":12}},"27":{"start":{"line":28,"column":0},"end":{"line":28,"column":45}},"28":{"start":{"line":29,"column":0},"end":{"line":29,"column":22}},"29":{"start":{"line":30,"column":0},"end":{"line":30,"column":47}},"30":{"start":{"line":31,"column":0},"end":{"line":31,"column":77}},"31":{"start":{"line":32,"column":0},"end":{"line":32,"column":13}},"32":{"start":{"line":33,"column":0},"end":{"line":33,"column":23}},"33":{"start":{"line":34,"column":0},"end":{"line":34,"column":12}},"34":{"start":{"line":35,"column":0},"end":{"line":35,"column":10}},"35":{"start":{"line":36,"column":0},"end":{"line":36,"column":4}},"36":{"start":{"line":37,"column":0},"end":{"line":37,"column":2}},"37":{"start":{"line":38,"column":0},"end":{"line":38,"column":0}},"38":{"start":{"line":39,"column":0},"end":{"line":39,"column":35}}},"s":{"0":1,"1":1,"2":1,"3":1,"4":1,"5":1,"6":1,"7":3,"8":3,"9":3,"10":3,"11":3,"12":2,"13":1,"14":1,"15":3,"16":3,"17":3,"18":3,"19":2,"20":2,"21":2,"22":2,"23":3,"24":10,"25":3,"26":3,"27":3,"28":3,"29":3,"30":10,"31":3,"32":3,"33":3,"34":3,"35":3,"36":3,"37":1,"38":1},"branchMap":{"0":{"type":"branch","line":7,"loc":{"start":{"line":7,"column":38},"end":{"line":37,"column":2}},"locations":[{"start":{"line":7,"column":38},"end":{"line":37,"column":2}}]},"1":{"type":"branch","line":18,"loc":{"start":{"line":18,"column":17},"end":{"line":18,"column":46}},"locations":[{"start":{"line":18,"column":17},"end":{"line":18,"column":46}}]},"2":{"type":"branch","line":19,"loc":{"start":{"line":19,"column":15},"end":{"line":19,"column":59}},"locations":[{"start":{"line":19,"column":15},"end":{"line":19,"column":59}}]},"3":{"type":"branch","line":19,"loc":{"start":{"line":19,"column":58},"end":{"line":24,"column":23}},"locations":[{"start":{"line":19,"column":58},"end":{"line":24,"column":23}}]},"4":{"type":"branch","line":24,"loc":{"start":{"line":24,"column":21},"end":{"line":24,"column":23}},"locations":[{"start":{"line":24,"column":21},"end":{"line":24,"column":23}}]},"5":{"type":"branch","line":24,"loc":{"start":{"line":24,"column":21},"end":{"line":26,"column":10}},"locations":[{"start":{"line":24,"column":21},"end":{"line":26,"column":10}}]},"6":{"type":"branch","line":30,"loc":{"start":{"line":30,"column":23},"end":{"line":30,"column":25}},"locations":[{"start":{"line":30,"column":23},"end":{"line":30,"column":25}}]},"7":{"type":"branch","line":30,"loc":{"start":{"line":30,"column":23},"end":{"line":30,"column":25}},"locations":[{"start":{"line":30,"column":23},"end":{"line":30,"column":25}}]},"8":{"type":"branch","line":30,"loc":{"start":{"line":30,"column":23},"end":{"line":32,"column":12}},"locations":[{"start":{"line":30,"column":23},"end":{"line":32,"column":12}}]},"9":{"type":"branch","line":12,"loc":{"start":{"line":12,"column":12},"end":{"line":16,"column":3}},"locations":[{"start":{"line":12,"column":12},"end":{"line":16,"column":3}}]},"10":{"type":"branch","line":13,"loc":{"start":{"line":13,"column":17},"end":{"line":13,"column":33}},"locations":[{"start":{"line":13,"column":17},"end":{"line":13,"column":33}}]},"11":{"type":"branch","line":13,"loc":{"start":{"line":13,"column":35},"end":{"line":15,"column":5}},"locations":[{"start":{"line":13,"column":35},"end":{"line":15,"column":5}}]},"12":{"type":"branch","line":24,"loc":{"start":{"line":24,"column":27},"end":{"line":25,"column":67}},"locations":[{"start":{"line":24,"column":27},"end":{"line":25,"column":67}}]},"13":{"type":"branch","line":30,"loc":{"start":{"line":30,"column":29},"end":{"line":31,"column":77}},"locations":[{"start":{"line":30,"column":29},"end":{"line":31,"column":77}}]}},"b":{"0":[3],"1":[0],"2":[1],"3":[2],"4":[0],"5":[2],"6":[2],"7":[0],"8":[2],"9":[2],"10":[1],"11":[1],"12":[10],"13":[10]},"fnMap":{"0":{"name":"WeatherForecastCard","decl":{"start":{"line":7,"column":38},"end":{"line":37,"column":2}},"loc":{"start":{"line":7,"column":38},"end":{"line":37,"column":2}},"line":7}},"f":{"0":3}}
,"C:\\Users\\fozan\\OneDrive\\Documents\\GitHub\\React-Weather-App\\src\\Components\\Compound\\CurrentLocation.tsx": {"path":"C:\\Users\\fozan\\OneDrive\\Documents\\GitHub\\React-Weather-App\\src\\Components\\Compound\\CurrentLocation.tsx","all":false,"statementMap":{"0":{"start":{"line":1,"column":0},"end":{"line":1,"column":51}},"1":{"start":{"line":2,"column":0},"end":{"line":2,"column":46}},"2":{"start":{"line":3,"column":0},"end":{"line":3,"column":38}},"3":{"start":{"line":4,"column":0},"end":{"line":4,"column":70}},"4":{"start":{"line":5,"column":0},"end":{"line":5,"column":65}},"5":{"start":{"line":6,"column":0},"end":{"line":6,"column":0}},"6":{"start":{"line":7,"column":0},"end":{"line":7,"column":41}},"7":{"start":{"line":8,"column":0},"end":{"line":8,"column":69}},"8":{"start":{"line":9,"column":0},"end":{"line":9,"column":48}},"9":{"start":{"line":10,"column":0},"end":{"line":10,"column":53}},"10":{"start":{"line":11,"column":0},"end":{"line":11,"column":19}},"11":{"start":{"line":12,"column":0},"end":{"line":12,"column":19}},"12":{"start":{"line":13,"column":0},"end":{"line":13,"column":30}},"13":{"start":{"line":14,"column":0},"end":{"line":14,"column":5}},"14":{"start":{"line":15,"column":0},"end":{"line":15,"column":32}},"15":{"start":{"line":16,"column":0},"end":{"line":16,"column":0}},"16":{"start":{"line":17,"column":0},"end":{"line":17,"column":62}},"17":{"start":{"line":18,"column":0},"end":{"line":18,"column":52}},"18":{"start":{"line":19,"column":0},"end":{"line":19,"column":54}},"19":{"start":{"line":20,"column":0},"end":{"line":20,"column":4}},"20":{"start":{"line":21,"column":0},"end":{"line":21,"column":0}},"21":{"start":{"line":22,"column":0},"end":{"line":22,"column":62}},"22":{"start":{"line":23,"column":0},"end":{"line":23,"column":49}},"23":{"start":{"line":24,"column":0},"end":{"line":24,"column":46}},"24":{"start":{"line":25,"column":0},"end":{"line":25,"column":5}},"25":{"start":{"line":26,"column":0},"end":{"line":26,"column":4}},"26":{"start":{"line":27,"column":0},"end":{"line":27,"column":0}},"27":{"start":{"line":28,"column":0},"end":{"line":28,"column":36}},"28":{"start":{"line":29,"column":0},"end":{"line":29,"column":29}},"29":{"start":{"line":30,"column":0},"end":{"line":30,"column":18}},"30":{"start":{"line":31,"column":0},"end":{"line":31,"column":18}},"31":{"start":{"line":32,"column":0},"end":{"line":32,"column":4}},"32":{"start":{"line":33,"column":0},"end":{"line":33,"column":38}},"33":{"start":{"line":34,"column":0},"end":{"line":34,"column":32}},"34":{"start":{"line":35,"column":0},"end":{"line":35,"column":76}},"35":{"start":{"line":36,"column":0},"end":{"line":36,"column":5}},"36":{"start":{"line":37,"column":0},"end":{"line":37,"column":4}},"37":{"start":{"line":38,"column":0},"end":{"line":38,"column":0}},"38":{"start":{"line":39,"column":0},"end":{"line":39,"column":10}},"39":{"start":{"line":40,"column":0},"end":{"line":40,"column":11}},"40":{"start":{"line":41,"column":0},"end":{"line":41,"column":27}},"41":{"start":{"line":42,"column":0},"end":{"line":42,"column":20}},"42":{"start":{"line":43,"column":0},"end":{"line":43,"column":18}},"43":{"start":{"line":44,"column":0},"end":{"line":44,"column":30}},"44":{"start":{"line":45,"column":0},"end":{"line":45,"column":62}},"45":{"start":{"line":46,"column":0},"end":{"line":46,"column":6}},"46":{"start":{"line":47,"column":0},"end":{"line":47,"column":4}},"47":{"start":{"line":48,"column":0},"end":{"line":48,"column":2}},"48":{"start":{"line":49,"column":0},"end":{"line":49,"column":31}}},"s":{"0":1,"1":1,"2":1,"3":1,"4":1,"5":1,"6":1,"7":3,"8":3,"9":3,"10":3,"11":2,"12":0,"13":0,"14":3,"15":3,"16":3,"17":1,"18":1,"19":3,"20":3,"21":3,"22":1,"23":1,"24":1,"25":3,"26":3,"27":3,"28":3,"29":3,"30":3,"31":3,"32":3,"33":2,"34":2,"35":2,"36":3,"37":3,"38":3,"39":3,"40":3,"41":3,"42":3,"43":3,"44":3,"45":3,"46":3,"47":3,"48":1},"branchMap":{"0":{"type":"branch","line":7,"loc":{"start":{"line":7,"column":34},"end":{"line":48,"column":2}},"locations":[{"start":{"line":7,"column":34},"end":{"line":48,"column":2}}]},"1":{"type":"branch","line":11,"loc":{"start":{"line":11,"column":12},"end":{"line":15,"column":3}},"locations":[{"start":{"line":11,"column":12},"end":{"line":15,"column":3}}]},"2":{"type":"branch","line":12,"loc":{"start":{"line":12,"column":18},"end":{"line":14,"column":5}},"locations":[{"start":{"line":12,"column":18},"end":{"line":14,"column":5}}]},"3":{"type":"branch","line":17,"loc":{"start":{"line":17,"column":20},"end":{"line":20,"column":3}},"locations":[{"start":{"line":17,"column":20},"end":{"line":20,"column":3}}]},"4":{"type":"branch","line":22,"loc":{"start":{"line":22,"column":18},"end":{"line":26,"column":3}},"locations":[{"start":{"line":22,"column":18},"end":{"line":26,"column":3}}]},"5":{"type":"branch","line":33,"loc":{"start":{"line":33,"column":25},"end":{"line":37,"column":3}},"locations":[{"start":{"line":33,"column":25},"end":{"line":37,"column":3}}]}},"b":{"0":[3],"1":[2],"2":[0],"3":[1],"4":[1],"5":[2]},"fnMap":{"0":{"name":"CurrentLocation","decl":{"start":{"line":7,"column":34},"end":{"line":48,"column":2}},"loc":{"start":{"line":7,"column":34},"end":{"line":48,"column":2}},"line":7},"1":{"name":"onSuccess","decl":{"start":{"line":17,"column":20},"end":{"line":20,"column":3}},"loc":{"start":{"line":17,"column":20},"end":{"line":20,"column":3}},"line":17},"2":{"name":"onError","decl":{"start":{"line":22,"column":18},"end":{"line":26,"column":3}},"loc":{"start":{"line":22,"column":18},"end":{"line":26,"column":3}},"line":22},"3":{"name":"handleLocation","decl":{"start":{"line":33,"column":25},"end":{"line":37,"column":3}},"loc":{"start":{"line":33,"column":25},"end":{"line":37,"column":3}},"line":33}},"f":{"0":3,"1":1,"2":1,"3":2}}
,"C:\\Users\\fozan\\OneDrive\\Documents\\GitHub\\React-Weather-App\\src\\Components\\Compound\\CurrentTime.tsx": {"path":"C:\\Users\\fozan\\OneDrive\\Documents\\GitHub\\React-Weather-App\\src\\Components\\Compound\\CurrentTime.tsx","all":false,"statementMap":{"0":{"start":{"line":1,"column":0},"end":{"line":1,"column":41}},"1":{"start":{"line":2,"column":0},"end":{"line":2,"column":26}},"2":{"start":{"line":3,"column":0},"end":{"line":3,"column":0}},"3":{"start":{"line":4,"column":0},"end":{"line":4,"column":21}},"4":{"start":{"line":5,"column":0},"end":{"line":5,"column":20}},"5":{"start":{"line":6,"column":0},"end":{"line":6,"column":1}},"6":{"start":{"line":7,"column":0},"end":{"line":7,"column":0}},"7":{"start":{"line":8,"column":0},"end":{"line":8,"column":66}},"8":{"start":{"line":9,"column":0},"end":{"line":9,"column":63}},"9":{"start":{"line":10,"column":0},"end":{"line":10,"column":29}},"10":{"start":{"line":11,"column":0},"end":{"line":11,"column":4}},"11":{"start":{"line":12,"column":0},"end":{"line":12,"column":0}},"12":{"start":{"line":13,"column":0},"end":{"line":13,"column":19}},"13":{"start":{"line":14,"column":0},"end":{"line":14,"column":40}},"14":{"start":{"line":15,"column":0},"end":{"line":15,"column":47}},"15":{"start":{"line":16,"column":0},"end":{"line":16,"column":14}},"16":{"start":{"line":17,"column":0},"end":{"line":17,"column":0}},"17":{"start":{"line":18,"column":0},"end":{"line":18,"column":41}},"18":{"start":{"line":19,"column":0},"end":{"line":19,"column":20}},"19":{"start":{"line":20,"column":0},"end":{"line":20,"column":0}},"20":{"start":{"line":21,"column":0},"end":{"line":21,"column":58}},"21":{"start":{"line":22,"column":0},"end":{"line":22,"column":2}},"22":{"start":{"line":23,"column":0},"end":{"line":23,"column":27}}},"s":{"0":1,"1":1,"2":1,"3":1,"4":1,"5":1,"6":1,"7":1,"8":5,"9":5,"10":5,"11":5,"12":5,"13":4,"14":1,"15":4,"16":4,"17":4,"18":5,"19":5,"20":5,"21":5,"22":1},"branchMap":{"0":{"type":"branch","line":8,"loc":{"start":{"line":8,"column":41},"end":{"line":22,"column":2}},"locations":[{"start":{"line":8,"column":41},"end":{"line":22,"column":2}}]},"1":{"type":"branch","line":8,"loc":{"start":{"line":8,"column":53},"end":{"line":8,"column":58}},"locations":[{"start":{"line":8,"column":53},"end":{"line":8,"column":58}}]},"2":{"type":"branch","line":13,"loc":{"start":{"line":13,"column":12},"end":{"line":19,"column":3}},"locations":[{"start":{"line":13,"column":12},"end":{"line":19,"column":3}}]},"3":{"type":"branch","line":14,"loc":{"start":{"line":14,"column":33},"end":{"line":16,"column":5}},"locations":[{"start":{"line":14,"column":33},"end":{"line":16,"column":5}}]},"4":{"type":"branch","line":18,"loc":{"start":{"line":18,"column":11},"end":{"line":18,"column":41}},"locations":[{"start":{"line":18,"column":11},"end":{"line":18,"column":41}}]}},"b":{"0":[5],"1":[0],"2":[4],"3":[1],"4":[4]},"fnMap":{"0":{"name":"CurrentTime","decl":{"start":{"line":8,"column":41},"end":{"line":22,"column":2}},"loc":{"start":{"line":8,"column":41},"end":{"line":22,"column":2}},"line":8}},"f":{"0":5}}
,"C:\\Users\\fozan\\OneDrive\\Documents\\GitHub\\React-Weather-App\\src\\Components\\Compound\\CurrentWeatherCard.tsx": {"path":"C:\\Users\\fozan\\OneDrive\\Documents\\GitHub\\React-Weather-App\\src\\Components\\Compound\\CurrentWeatherCard.tsx","all":false,"statementMap":{"0":{"start":{"line":1,"column":0},"end":{"line":1,"column":51}},"1":{"start":{"line":2,"column":0},"end":{"line":2,"column":26}},"2":{"start":{"line":3,"column":0},"end":{"line":3,"column":65}},"3":{"start":{"line":4,"column":0},"end":{"line":4,"column":32}},"4":{"start":{"line":5,"column":0},"end":{"line":5,"column":15}},"5":{"start":{"line":6,"column":0},"end":{"line":6,"column":38}},"6":{"start":{"line":7,"column":0},"end":{"line":7,"column":40}},"7":{"start":{"line":8,"column":0},"end":{"line":8,"column":70}},"8":{"start":{"line":9,"column":0},"end":{"line":9,"column":0}},"9":{"start":{"line":10,"column":0},"end":{"line":10,"column":23}},"10":{"start":{"line":11,"column":0},"end":{"line":11,"column":15}},"11":{"start":{"line":12,"column":0},"end":{"line":12,"column":1}},"12":{"start":{"line":13,"column":0},"end":{"line":13,"column":0}},"13":{"start":{"line":14,"column":0},"end":{"line":14,"column":27}},"14":{"start":{"line":15,"column":0},"end":{"line":15,"column":18}},"15":{"start":{"line":16,"column":0},"end":{"line":16,"column":9}},"16":{"start":{"line":17,"column":0},"end":{"line":17,"column":17}},"17":{"start":{"line":18,"column":0},"end":{"line":18,"column":4}},"18":{"start":{"line":19,"column":0},"end":{"line":19,"column":26}},"19":{"start":{"line":20,"column":0},"end":{"line":20,"column":1}},"20":{"start":{"line":21,"column":0},"end":{"line":21,"column":0}},"21":{"start":{"line":22,"column":0},"end":{"line":22,"column":44}},"22":{"start":{"line":23,"column":0},"end":{"line":23,"column":79}},"23":{"start":{"line":24,"column":0},"end":{"line":24,"column":79}},"24":{"start":{"line":25,"column":0},"end":{"line":25,"column":24}},"25":{"start":{"line":26,"column":0},"end":{"line":26,"column":65}},"26":{"start":{"line":27,"column":0},"end":{"line":27,"column":0}},"27":{"start":{"line":28,"column":0},"end":{"line":28,"column":19}},"28":{"start":{"line":29,"column":0},"end":{"line":29,"column":22}},"29":{"start":{"line":30,"column":0},"end":{"line":30,"column":45}},"30":{"start":{"line":31,"column":0},"end":{"line":31,"column":62}},"31":{"start":{"line":32,"column":0},"end":{"line":32,"column":52}},"32":{"start":{"line":33,"column":0},"end":{"line":33,"column":10}},"33":{"start":{"line":34,"column":0},"end":{"line":34,"column":46}},"34":{"start":{"line":35,"column":0},"end":{"line":35,"column":53}},"35":{"start":{"line":36,"column":0},"end":{"line":36,"column":14}},"36":{"start":{"line":37,"column":0},"end":{"line":37,"column":36}},"37":{"start":{"line":38,"column":0},"end":{"line":38,"column":43}},"38":{"start":{"line":39,"column":0},"end":{"line":39,"column":7}},"39":{"start":{"line":40,"column":0},"end":{"line":40,"column":5}},"40":{"start":{"line":41,"column":0},"end":{"line":41,"column":75}},"41":{"start":{"line":42,"column":0},"end":{"line":42,"column":0}},"42":{"start":{"line":43,"column":0},"end":{"line":43,"column":50}},"43":{"start":{"line":44,"column":0},"end":{"line":44,"column":0}},"44":{"start":{"line":45,"column":0},"end":{"line":45,"column":49}},"45":{"start":{"line":46,"column":0},"end":{"line":46,"column":78}},"46":{"start":{"line":47,"column":0},"end":{"line":47,"column":9}},"47":{"start":{"line":48,"column":0},"end":{"line":48,"column":60}},"48":{"start":{"line":49,"column":0},"end":{"line":49,"column":52}},"49":{"start":{"line":50,"column":0},"end":{"line":50,"column":0}},"50":{"start":{"line":51,"column":0},"end":{"line":51,"column":10}},"51":{"start":{"line":52,"column":0},"end":{"line":52,"column":61}},"52":{"start":{"line":53,"column":0},"end":{"line":53,"column":10}},"53":{"start":{"line":54,"column":0},"end":{"line":54,"column":33}},"54":{"start":{"line":55,"column":0},"end":{"line":55,"column":51}},"55":{"start":{"line":56,"column":0},"end":{"line":56,"column":21}},"56":{"start":{"line":57,"column":0},"end":{"line":57,"column":14}},"57":{"start":{"line":58,"column":0},"end":{"line":58,"column":8}},"58":{"start":{"line":59,"column":0},"end":{"line":59,"column":0}},"59":{"start":{"line":60,"column":0},"end":{"line":60,"column":49}},"60":{"start":{"line":61,"column":0},"end":{"line":61,"column":11}},"61":{"start":{"line":62,"column":0},"end":{"line":62,"column":35}},"62":{"start":{"line":63,"column":0},"end":{"line":63,"column":86}},"63":{"start":{"line":64,"column":0},"end":{"line":64,"column":9}},"64":{"start":{"line":65,"column":0},"end":{"line":65,"column":69}},"65":{"start":{"line":66,"column":0},"end":{"line":66,"column":82}},"66":{"start":{"line":67,"column":0},"end":{"line":67,"column":14}},"67":{"start":{"line":68,"column":0},"end":{"line":68,"column":16}},"68":{"start":{"line":69,"column":0},"end":{"line":69,"column":13}},"69":{"start":{"line":70,"column":0},"end":{"line":70,"column":0}},"70":{"start":{"line":71,"column":0},"end":{"line":71,"column":69}},"71":{"start":{"line":72,"column":0},"end":{"line":72,"column":57}},"72":{"start":{"line":73,"column":0},"end":{"line":73,"column":84}},"73":{"start":{"line":74,"column":0},"end":{"line":74,"column":70}},"74":{"start":{"line":75,"column":0},"end":{"line":75,"column":13}},"75":{"start":{"line":76,"column":0},"end":{"line":76,"column":12}},"76":{"start":{"line":77,"column":0},"end":{"line":77,"column":10}},"77":{"start":{"line":78,"column":0},"end":{"line":78,"column":4}},"78":{"start":{"line":79,"column":0},"end":{"line":79,"column":2}},"79":{"start":{"line":80,"column":0},"end":{"line":80,"column":0}},"80":{"start":{"line":81,"column":0},"end":{"line":81,"column":34}}},"s":{"0":1,"1":1,"2":1,"3":1,"4":1,"5":1,"6":1,"7":1,"8":1,"9":1,"10":1,"11":1,"12":1,"13":1,"14":1,"15":1,"16":1,"17":1,"18":1,"19":1,"20":1,"21":1,"22":4,"23":4,"24":4,"25":4,"26":4,"27":4,"28":2,"29":2,"30":0,"31":0,"32":0,"33":0,"34":0,"35":2,"36":2,"37":2,"38":2,"39":2,"40":4,"41":4,"42":4,"43":2,"44":4,"45":1,"46":4,"47":4,"48":4,"49":4,"50":4,"51":4,"52":4,"53":4,"54":4,"55":4,"56":4,"57":4,"58":4,"59":4,"60":4,"61":4,"62":4,"63":4,"64":4,"65":4,"66":4,"67":4,"68":4,"69":4,"70":4,"71":4,"72":4,"73":4,"74":4,"75":4,"76":4,"77":4,"78":4,"79":1,"80":1},"branchMap":{"0":{"type":"branch","line":22,"loc":{"start":{"line":22,"column":37},"end":{"line":79,"column":2}},"locations":[{"start":{"line":22,"column":37},"end":{"line":79,"column":2}}]},"1":{"type":"branch","line":43,"loc":{"start":{"line":43,"column":15},"end":{"line":45,"column":31}},"locations":[{"start":{"line":43,"column":15},"end":{"line":45,"column":31}}]},"2":{"type":"branch","line":45,"loc":{"start":{"line":45,"column":29},"end":{"line":45,"column":31}},"locations":[{"start":{"line":45,"column":29},"end":{"line":45,"column":31}}]},"3":{"type":"branch","line":45,"loc":{"start":{"line":45,"column":29},"end":{"line":45,"column":41}},"locations":[{"start":{"line":45,"column":29},"end":{"line":45,"column":41}}]},"4":{"type":"branch","line":45,"loc":{"start":{"line":45,"column":38},"end":{"line":45,"column":41}},"locations":[{"start":{"line":45,"column":38},"end":{"line":45,"column":41}}]},"5":{"type":"branch","line":45,"loc":{"start":{"line":45,"column":38},"end":{"line":45,"column":45}},"locations":[{"start":{"line":45,"column":38},"end":{"line":45,"column":45}}]},"6":{"type":"branch","line":45,"loc":{"start":{"line":45,"column":43},"end":{"line":45,"column":45}},"locations":[{"start":{"line":45,"column":43},"end":{"line":45,"column":45}}]},"7":{"type":"branch","line":45,"loc":{"start":{"line":45,"column":43},"end":{"line":45,"column":49}},"locations":[{"start":{"line":45,"column":43},"end":{"line":45,"column":49}}]},"8":{"type":"branch","line":46,"loc":{"start":{"line":46,"column":-1},"end":{"line":46,"column":78}},"locations":[{"start":{"line":46,"column":-1},"end":{"line":46,"column":78}}]},"9":{"type":"branch","line":46,"loc":{"start":{"line":46,"column":69},"end":{"line":47,"column":8}},"locations":[{"start":{"line":46,"column":69},"end":{"line":47,"column":8}}]},"10":{"type":"branch","line":65,"loc":{"start":{"line":65,"column":45},"end":{"line":65,"column":47}},"locations":[{"start":{"line":65,"column":45},"end":{"line":65,"column":47}}]},"11":{"type":"branch","line":65,"loc":{"start":{"line":65,"column":45},"end":{"line":65,"column":47}},"locations":[{"start":{"line":65,"column":45},"end":{"line":65,"column":47}}]},"12":{"type":"branch","line":65,"loc":{"start":{"line":65,"column":45},"end":{"line":65,"column":56}},"locations":[{"start":{"line":65,"column":45},"end":{"line":65,"column":56}}]},"13":{"type":"branch","line":65,"loc":{"start":{"line":65,"column":57},"end":{"line":65,"column":59}},"locations":[{"start":{"line":65,"column":57},"end":{"line":65,"column":59}}]},"14":{"type":"branch","line":65,"loc":{"start":{"line":65,"column":57},"end":{"line":65,"column":59}},"locations":[{"start":{"line":65,"column":57},"end":{"line":65,"column":59}}]},"15":{"type":"branch","line":65,"loc":{"start":{"line":65,"column":57},"end":{"line":65,"column":68}},"locations":[{"start":{"line":65,"column":57},"end":{"line":65,"column":68}}]},"16":{"type":"branch","line":73,"loc":{"start":{"line":73,"column":22},"end":{"line":73,"column":24}},"locations":[{"start":{"line":73,"column":22},"end":{"line":73,"column":24}}]},"17":{"type":"branch","line":73,"loc":{"start":{"line":73,"column":22},"end":{"line":73,"column":30}},"locations":[{"start":{"line":73,"column":22},"end":{"line":73,"column":30}}]},"18":{"type":"branch","line":73,"loc":{"start":{"line":73,"column":30},"end":{"line":73,"column":65}},"locations":[{"start":{"line":73,"column":30},"end":{"line":73,"column":65}}]},"19":{"type":"branch","line":73,"loc":{"start":{"line":73,"column":65},"end":{"line":73,"column":78}},"locations":[{"start":{"line":73,"column":65},"end":{"line":73,"column":78}}]},"20":{"type":"branch","line":28,"loc":{"start":{"line":28,"column":12},"end":{"line":41,"column":3}},"locations":[{"start":{"line":28,"column":12},"end":{"line":41,"column":3}}]},"21":{"type":"branch","line":30,"loc":{"start":{"line":30,"column":19},"end":{"line":30,"column":42}},"locations":[{"start":{"line":30,"column":19},"end":{"line":30,"column":42}}]},"22":{"type":"branch","line":30,"loc":{"start":{"line":30,"column":44},"end":{"line":36,"column":7}},"locations":[{"start":{"line":30,"column":44},"end":{"line":36,"column":7}}]}},"b":{"0":[4],"1":[2],"2":[1],"3":[1],"4":[1],"5":[1],"6":[1],"7":[1],"8":[1],"9":[1],"10":[1],"11":[1],"12":[1],"13":[2],"14":[1],"15":[1],"16":[1],"17":[1],"18":[0],"19":[2],"20":[2],"21":[0],"22":[0]},"fnMap":{"0":{"name":"CurrentWeatherCard","decl":{"start":{"line":22,"column":37},"end":{"line":79,"column":2}},"loc":{"start":{"line":22,"column":37},"end":{"line":79,"column":2}},"line":22}},"f":{"0":4}}
,"C:\\Users\\fozan\\OneDrive\\Documents\\GitHub\\React-Weather-App\\src\\Components\\Compound\\FavCities.tsx": {"path":"C:\\Users\\fozan\\OneDrive\\Documents\\GitHub\\React-Weather-App\\src\\Components\\Compound\\FavCities.tsx","all":false,"statementMap":{"0":{"start":{"line":1,"column":0},"end":{"line":1,"column":26}},"1":{"start":{"line":2,"column":0},"end":{"line":2,"column":52}},"2":{"start":{"line":3,"column":0},"end":{"line":3,"column":38}},"3":{"start":{"line":4,"column":0},"end":{"line":4,"column":65}},"4":{"start":{"line":5,"column":0},"end":{"line":5,"column":0}},"5":{"start":{"line":6,"column":0},"end":{"line":6,"column":35}},"6":{"start":{"line":7,"column":0},"end":{"line":7,"column":66}},"7":{"start":{"line":8,"column":0},"end":{"line":8,"column":0}},"8":{"start":{"line":9,"column":0},"end":{"line":9,"column":10}},"9":{"start":{"line":10,"column":0},"end":{"line":10,"column":11}},"10":{"start":{"line":11,"column":0},"end":{"line":11,"column":22}},"11":{"start":{"line":12,"column":0},"end":{"line":12,"column":22}},"12":{"start":{"line":13,"column":0},"end":{"line":13,"column":12}},"13":{"start":{"line":14,"column":0},"end":{"line":14,"column":40}},"14":{"start":{"line":15,"column":0},"end":{"line":15,"column":65}},"15":{"start":{"line":16,"column":0},"end":{"line":16,"column":13}},"16":{"start":{"line":17,"column":0},"end":{"line":17,"column":61}},"17":{"start":{"line":18,"column":0},"end":{"line":18,"column":9}},"18":{"start":{"line":19,"column":0},"end":{"line":19,"column":7}},"19":{"start":{"line":20,"column":0},"end":{"line":20,"column":20}},"20":{"start":{"line":21,"column":0},"end":{"line":21,"column":20}},"21":{"start":{"line":22,"column":0},"end":{"line":22,"column":58}},"22":{"start":{"line":23,"column":0},"end":{"line":23,"column":55}},"23":{"start":{"line":24,"column":0},"end":{"line":24,"column":70}},"24":{"start":{"line":25,"column":0},"end":{"line":25,"column":7}},"25":{"start":{"line":26,"column":0},"end":{"line":26,"column":6}},"26":{"start":{"line":27,"column":0},"end":{"line":27,"column":4}},"27":{"start":{"line":28,"column":0},"end":{"line":28,"column":2}},"28":{"start":{"line":29,"column":0},"end":{"line":29,"column":0}},"29":{"start":{"line":30,"column":0},"end":{"line":30,"column":25}}},"s":{"0":1,"1":1,"2":1,"3":1,"4":1,"5":1,"6":5,"7":5,"8":5,"9":5,"10":5,"11":5,"12":5,"13":5,"14":1,"15":4,"16":4,"17":5,"18":5,"19":5,"20":5,"21":3,"22":1,"23":2,"24":5,"25":5,"26":5,"27":5,"28":1,"29":1},"branchMap":{"0":{"type":"branch","line":6,"loc":{"start":{"line":6,"column":28},"end":{"line":28,"column":2}},"locations":[{"start":{"line":6,"column":28},"end":{"line":28,"column":2}}]},"1":{"type":"branch","line":14,"loc":{"start":{"line":14,"column":36},"end":{"line":15,"column":65}},"locations":[{"start":{"line":14,"column":36},"end":{"line":15,"column":65}}]},"2":{"type":"branch","line":16,"loc":{"start":{"line":16,"column":-1},"end":{"line":17,"column":61}},"locations":[{"start":{"line":16,"column":-1},"end":{"line":17,"column":61}}]},"3":{"type":"branch","line":21,"loc":{"start":{"line":21,"column":15},"end":{"line":24,"column":70}},"locations":[{"start":{"line":21,"column":15},"end":{"line":24,"column":70}}]},"4":{"type":"branch","line":22,"loc":{"start":{"line":22,"column":37},"end":{"line":22,"column":58}},"locations":[{"start":{"line":22,"column":37},"end":{"line":22,"column":58}}]},"5":{"type":"branch","line":23,"loc":{"start":{"line":23,"column":-1},"end":{"line":23,"column":55}},"locations":[{"start":{"line":23,"column":-1},"end":{"line":23,"column":55}}]},"6":{"type":"branch","line":24,"loc":{"start":{"line":24,"column":-1},"end":{"line":24,"column":70}},"locations":[{"start":{"line":24,"column":-1},"end":{"line":24,"column":70}}]},"7":{"type":"branch","line":23,"loc":{"start":{"line":23,"column":23},"end":{"line":23,"column":54}},"locations":[{"start":{"line":23,"column":23},"end":{"line":23,"column":54}}]},"8":{"type":"branch","line":24,"loc":{"start":{"line":24,"column":23},"end":{"line":24,"column":70}},"locations":[{"start":{"line":24,"column":23},"end":{"line":24,"column":70}}]},"9":{"type":"branch","line":24,"loc":{"start":{"line":24,"column":45},"end":{"line":24,"column":69}},"locations":[{"start":{"line":24,"column":45},"end":{"line":24,"column":69}}]}},"b":{"0":[5],"1":[1],"2":[4],"3":[3],"4":[2],"5":[1],"6":[2],"7":[1],"8":[2],"9":[1]},"fnMap":{"0":{"name":"FavCities","decl":{"start":{"line":6,"column":28},"end":{"line":28,"column":2}},"loc":{"start":{"line":6,"column":28},"end":{"line":28,"column":2}},"line":6},"1":{"name":"onClick","decl":{"start":{"line":21,"column":15},"end":{"line":24,"column":70}},"loc":{"start":{"line":21,"column":15},"end":{"line":24,"column":70}},"line":21}},"f":{"0":5,"1":3}}
,"C:\\Users\\fozan\\OneDrive\\Documents\\GitHub\\React-Weather-App\\src\\Components\\Compound\\Slider.tsx": {"path":"C:\\Users\\fozan\\OneDrive\\Documents\\GitHub\\React-Weather-App\\src\\Components\\Compound\\Slider.tsx","all":false,"statementMap":{"0":{"start":{"line":1,"column":0},"end":{"line":1,"column":26}},"1":{"start":{"line":2,"column":0},"end":{"line":2,"column":47}},"2":{"start":{"line":3,"column":0},"end":{"line":3,"column":40}},"3":{"start":{"line":4,"column":0},"end":{"line":4,"column":46}},"4":{"start":{"line":5,"column":0},"end":{"line":5,"column":0}},"5":{"start":{"line":6,"column":0},"end":{"line":6,"column":29}},"6":{"start":{"line":7,"column":0},"end":{"line":7,"column":28}},"7":{"start":{"line":8,"column":0},"end":{"line":8,"column":1}},"8":{"start":{"line":9,"column":0},"end":{"line":9,"column":0}},"9":{"start":{"line":10,"column":0},"end":{"line":10,"column":69}},"10":{"start":{"line":11,"column":0},"end":{"line":11,"column":30}},"11":{"start":{"line":12,"column":0},"end":{"line":12,"column":15}},"12":{"start":{"line":13,"column":0},"end":{"line":13,"column":19}},"13":{"start":{"line":14,"column":0},"end":{"line":14,"column":15}},"14":{"start":{"line":15,"column":0},"end":{"line":15,"column":20}},"15":{"start":{"line":16,"column":0},"end":{"line":16,"column":22}},"16":{"start":{"line":17,"column":0},"end":{"line":17,"column":4}},"17":{"start":{"line":18,"column":0},"end":{"line":18,"column":0}},"18":{"start":{"line":19,"column":0},"end":{"line":19,"column":10}},"19":{"start":{"line":20,"column":0},"end":{"line":20,"column":11}},"20":{"start":{"line":21,"column":0},"end":{"line":21,"column":26}},"21":{"start":{"line":22,"column":0},"end":{"line":22,"column":34}},"22":{"start":{"line":23,"column":0},"end":{"line":23,"column":28}},"23":{"start":{"line":24,"column":0},"end":{"line":24,"column":42}},"24":{"start":{"line":25,"column":0},"end":{"line":25,"column":46}},"25":{"start":{"line":26,"column":0},"end":{"line":26,"column":5}},"26":{"start":{"line":27,"column":0},"end":{"line":27,"column":16}},"27":{"start":{"line":28,"column":0},"end":{"line":28,"column":13}},"28":{"start":{"line":29,"column":0},"end":{"line":29,"column":4}},"29":{"start":{"line":30,"column":0},"end":{"line":30,"column":2}},"30":{"start":{"line":31,"column":0},"end":{"line":31,"column":0}},"31":{"start":{"line":32,"column":0},"end":{"line":32,"column":28}}},"s":{"0":1,"1":1,"2":1,"3":1,"4":1,"5":1,"6":1,"7":1,"8":1,"9":1,"10":3,"11":3,"12":3,"13":3,"14":3,"15":3,"16":3,"17":3,"18":3,"19":3,"20":3,"21":3,"22":3,"23":3,"24":3,"25":3,"26":3,"27":3,"28":3,"29":3,"30":1,"31":1},"branchMap":{"0":{"type":"branch","line":10,"loc":{"start":{"line":10,"column":50},"end":{"line":30,"column":2}},"locations":[{"start":{"line":10,"column":50},"end":{"line":30,"column":2}}]}},"b":{"0":[3]},"fnMap":{"0":{"name":"SimpleSlider","decl":{"start":{"line":10,"column":50},"end":{"line":30,"column":2}},"loc":{"start":{"line":10,"column":50},"end":{"line":30,"column":2}},"line":10}},"f":{"0":3}}
,"C:\\Users\\fozan\\OneDrive\\Documents\\GitHub\\React-Weather-App\\src\\Components\\Compound\\SunEvent.tsx": {"path":"C:\\Users\\fozan\\OneDrive\\Documents\\GitHub\\React-Weather-App\\src\\Components\\Compound\\SunEvent.tsx","all":false,"statementMap":{"0":{"start":{"line":1,"column":0},"end":{"line":1,"column":26}},"1":{"start":{"line":2,"column":0},"end":{"line":2,"column":54}},"2":{"start":{"line":3,"column":0},"end":{"line":3,"column":0}},"3":{"start":{"line":4,"column":0},"end":{"line":4,"column":17}},"4":{"start":{"line":5,"column":0},"end":{"line":5,"column":13}},"5":{"start":{"line":6,"column":0},"end":{"line":6,"column":10}},"6":{"start":{"line":7,"column":0},"end":{"line":7,"column":17}},"7":{"start":{"line":8,"column":0},"end":{"line":8,"column":17}},"8":{"start":{"line":9,"column":0},"end":{"line":9,"column":25}},"9":{"start":{"line":10,"column":0},"end":{"line":10,"column":4}},"10":{"start":{"line":11,"column":0},"end":{"line":11,"column":1}},"11":{"start":{"line":12,"column":0},"end":{"line":12,"column":54}},"12":{"start":{"line":13,"column":0},"end":{"line":13,"column":47}},"13":{"start":{"line":14,"column":0},"end":{"line":14,"column":10}},"14":{"start":{"line":15,"column":0},"end":{"line":15,"column":8}},"15":{"start":{"line":16,"column":0},"end":{"line":16,"column":28}},"16":{"start":{"line":17,"column":0},"end":{"line":17,"column":92}},"17":{"start":{"line":18,"column":0},"end":{"line":18,"column":5}},"18":{"start":{"line":19,"column":0},"end":{"line":19,"column":76}},"19":{"start":{"line":20,"column":0},"end":{"line":20,"column":20}},"20":{"start":{"line":21,"column":0},"end":{"line":21,"column":11}},"21":{"start":{"line":22,"column":0},"end":{"line":22,"column":10}},"22":{"start":{"line":23,"column":0},"end":{"line":23,"column":120}},"23":{"start":{"line":24,"column":0},"end":{"line":24,"column":7}},"24":{"start":{"line":25,"column":0},"end":{"line":25,"column":67}},"25":{"start":{"line":26,"column":0},"end":{"line":26,"column":59}},"26":{"start":{"line":27,"column":0},"end":{"line":27,"column":76}},"27":{"start":{"line":28,"column":0},"end":{"line":28,"column":76}},"28":{"start":{"line":29,"column":0},"end":{"line":29,"column":13}},"29":{"start":{"line":30,"column":0},"end":{"line":30,"column":70}},"30":{"start":{"line":31,"column":0},"end":{"line":31,"column":30}},"31":{"start":{"line":32,"column":0},"end":{"line":32,"column":13}},"32":{"start":{"line":33,"column":0},"end":{"line":33,"column":12}},"33":{"start":{"line":34,"column":0},"end":{"line":34,"column":10}},"34":{"start":{"line":35,"column":0},"end":{"line":35,"column":4}},"35":{"start":{"line":36,"column":0},"end":{"line":36,"column":2}},"36":{"start":{"line":37,"column":0},"end":{"line":37,"column":0}},"37":{"start":{"line":38,"column":0},"end":{"line":38,"column":24}}},"s":{"0":1,"1":1,"2":1,"3":1,"4":1,"5":1,"6":1,"7":1,"8":1,"9":1,"10":1,"11":1,"12":3,"13":3,"14":3,"15":3,"16":3,"17":3,"18":3,"19":3,"20":3,"21":3,"22":3,"23":3,"24":3,"25":3,"26":3,"27":3,"28":3,"29":3,"30":3,"31":3,"32":3,"33":3,"34":3,"35":3,"36":1,"37":1},"branchMap":{"0":{"type":"branch","line":12,"loc":{"start":{"line":12,"column":34},"end":{"line":36,"column":2}},"locations":[{"start":{"line":12,"column":34},"end":{"line":36,"column":2}}]},"1":{"type":"branch","line":17,"loc":{"start":{"line":17,"column":71},"end":{"line":17,"column":84}},"locations":[{"start":{"line":17,"column":71},"end":{"line":17,"column":84}}]},"2":{"type":"branch","line":17,"loc":{"start":{"line":17,"column":84},"end":{"line":17,"column":89}},"locations":[{"start":{"line":17,"column":84},"end":{"line":17,"column":89}}]},"3":{"type":"branch","line":19,"loc":{"start":{"line":19,"column":32},"end":{"line":19,"column":44}},"locations":[{"start":{"line":19,"column":32},"end":{"line":19,"column":44}}]},"4":{"type":"branch","line":19,"loc":{"start":{"line":19,"column":44},"end":{"line":19,"column":56}},"locations":[{"start":{"line":19,"column":44},"end":{"line":19,"column":56}}]},"5":{"type":"branch","line":23,"loc":{"start":{"line":23,"column":68},"end":{"line":23,"column":82}},"locations":[{"start":{"line":23,"column":68},"end":{"line":23,"column":82}}]},"6":{"type":"branch","line":23,"loc":{"start":{"line":23,"column":82},"end":{"line":23,"column":96}},"locations":[{"start":{"line":23,"column":82},"end":{"line":23,"column":96}}]},"7":{"type":"branch","line":26,"loc":{"start":{"line":26,"column":34},"end":{"line":26,"column":44}},"locations":[{"start":{"line":26,"column":34},"end":{"line":26,"column":44}}]},"8":{"type":"branch","line":26,"loc":{"start":{"line":26,"column":44},"end":{"line":26,"column":55}},"locations":[{"start":{"line":26,"column":44},"end":{"line":26,"column":55}}]}},"b":{"0":[3],"1":[2],"2":[1],"3":[2],"4":[1],"5":[2],"6":[1],"7":[2],"8":[1]},"fnMap":{"0":{"name":"SunEvent","decl":{"start":{"line":12,"column":34},"end":{"line":36,"column":2}},"loc":{"start":{"line":12,"column":34},"end":{"line":36,"column":2}},"line":12}},"f":{"0":3}}
,"C:\\Users\\fozan\\OneDrive\\Documents\\GitHub\\React-Weather-App\\src\\Components\\Compound\\SuneventCard.tsx": {"path":"C:\\Users\\fozan\\OneDrive\\Documents\\GitHub\\React-Weather-App\\src\\Components\\Compound\\SuneventCard.tsx","all":false,"statementMap":{"0":{"start":{"line":1,"column":0},"end":{"line":1,"column":51}},"1":{"start":{"line":2,"column":0},"end":{"line":2,"column":65}},"2":{"start":{"line":3,"column":0},"end":{"line":3,"column":64}},"3":{"start":{"line":4,"column":0},"end":{"line":4,"column":34}},"4":{"start":{"line":5,"column":0},"end":{"line":5,"column":0}},"5":{"start":{"line":6,"column":0},"end":{"line":6,"column":24}},"6":{"start":{"line":7,"column":0},"end":{"line":7,"column":8}},"7":{"start":{"line":8,"column":0},"end":{"line":8,"column":20}},"8":{"start":{"line":9,"column":0},"end":{"line":9,"column":19}},"9":{"start":{"line":10,"column":0},"end":{"line":10,"column":4}},"10":{"start":{"line":11,"column":0},"end":{"line":11,"column":1}},"11":{"start":{"line":12,"column":0},"end":{"line":12,"column":0}},"12":{"start":{"line":13,"column":0},"end":{"line":13,"column":38}},"13":{"start":{"line":14,"column":0},"end":{"line":14,"column":53}},"14":{"start":{"line":15,"column":0},"end":{"line":15,"column":78}},"15":{"start":{"line":16,"column":0},"end":{"line":16,"column":19}},"16":{"start":{"line":17,"column":0},"end":{"line":17,"column":8}},"17":{"start":{"line":18,"column":0},"end":{"line":18,"column":54}},"18":{"start":{"line":19,"column":0},"end":{"line":19,"column":50}},"19":{"start":{"line":20,"column":0},"end":{"line":20,"column":7}},"20":{"start":{"line":21,"column":0},"end":{"line":21,"column":23}},"21":{"start":{"line":22,"column":0},"end":{"line":22,"column":14}},"22":{"start":{"line":23,"column":0},"end":{"line":23,"column":50}},"23":{"start":{"line":24,"column":0},"end":{"line":24,"column":48}},"24":{"start":{"line":25,"column":0},"end":{"line":25,"column":10}},"25":{"start":{"line":26,"column":0},"end":{"line":26,"column":9}},"26":{"start":{"line":27,"column":0},"end":{"line":27,"column":5}},"27":{"start":{"line":28,"column":0},"end":{"line":28,"column":27}},"28":{"start":{"line":29,"column":0},"end":{"line":29,"column":10}},"29":{"start":{"line":30,"column":0},"end":{"line":30,"column":63}},"30":{"start":{"line":31,"column":0},"end":{"line":31,"column":22}},"31":{"start":{"line":32,"column":0},"end":{"line":32,"column":59}},"32":{"start":{"line":33,"column":0},"end":{"line":33,"column":59}},"33":{"start":{"line":34,"column":0},"end":{"line":34,"column":11}},"34":{"start":{"line":35,"column":0},"end":{"line":35,"column":10}},"35":{"start":{"line":36,"column":0},"end":{"line":36,"column":4}},"36":{"start":{"line":37,"column":0},"end":{"line":37,"column":2}},"37":{"start":{"line":38,"column":0},"end":{"line":38,"column":0}},"38":{"start":{"line":39,"column":0},"end":{"line":39,"column":28}}},"s":{"0":1,"1":1,"2":1,"3":1,"4":1,"5":1,"6":1,"7":1,"8":1,"9":1,"10":1,"11":1,"12":1,"13":3,"14":3,"15":3,"16":2,"17":2,"18":1,"19":2,"20":1,"21":1,"22":1,"23":1,"24":1,"25":1,"26":1,"27":3,"28":3,"29":3,"30":3,"31":1,"32":3,"33":3,"34":3,"35":3,"36":3,"37":1,"38":1},"branchMap":{"0":{"type":"branch","line":13,"loc":{"start":{"line":13,"column":31},"end":{"line":37,"column":2}},"locations":[{"start":{"line":13,"column":31},"end":{"line":37,"column":2}}]},"1":{"type":"branch","line":31,"loc":{"start":{"line":31,"column":19},"end":{"line":34,"column":10}},"locations":[{"start":{"line":31,"column":19},"end":{"line":34,"column":10}}]},"2":{"type":"branch","line":16,"loc":{"start":{"line":16,"column":12},"end":{"line":28,"column":3}},"locations":[{"start":{"line":16,"column":12},"end":{"line":28,"column":3}}]},"3":{"type":"branch","line":18,"loc":{"start":{"line":18,"column":24},"end":{"line":18,"column":26}},"locations":[{"start":{"line":18,"column":24},"end":{"line":18,"column":26}}]},"4":{"type":"branch","line":18,"loc":{"start":{"line":18,"column":24},"end":{"line":18,"column":26}},"locations":[{"start":{"line":18,"column":24},"end":{"line":18,"column":26}}]},"5":{"type":"branch","line":18,"loc":{"start":{"line":18,"column":24},"end":{"line":18,"column":37}},"locations":[{"start":{"line":18,"column":24},"end":{"line":18,"column":37}}]},"6":{"type":"branch","line":18,"loc":{"start":{"line":18,"column":51},"end":{"line":19,"column":50}},"locations":[{"start":{"line":18,"column":51},"end":{"line":19,"column":50}}]},"7":{"type":"branch","line":19,"loc":{"start":{"line":19,"column":24},"end":{"line":19,"column":26}},"locations":[{"start":{"line":19,"column":24},"end":{"line":19,"column":26}}]},"8":{"type":"branch","line":20,"loc":{"start":{"line":20,"column":6},"end":{"line":27,"column":5}},"locations":[{"start":{"line":20,"column":6},"end":{"line":27,"column":5}}]},"9":{"type":"branch","line":32,"loc":{"start":{"line":32,"column":40},"end":{"line":33,"column":59}},"locations":[{"start":{"line":32,"column":40},"end":{"line":33,"column":59}}]}},"b":{"0":[3],"1":[1],"2":[2],"3":[1],"4":[1],"5":[1],"6":[1],"7":[0],"8":[1],"9":[3]},"fnMap":{"0":{"name":"SuneventCard","decl":{"start":{"line":13,"column":31},"end":{"line":37,"column":2}},"loc":{"start":{"line":13,"column":31},"end":{"line":37,"column":2}},"line":13}},"f":{"0":3}}
,"C:\\Users\\fozan\\OneDrive\\Documents\\GitHub\\React-Weather-App\\src\\Components\\Compound\\TemperatureChart.tsx": {"path":"C:\\Users\\fozan\\OneDrive\\Documents\\GitHub\\React-Weather-App\\src\\Components\\Compound\\TemperatureChart.tsx","all":false,"statementMap":{"0":{"start":{"line":1,"column":0},"end":{"line":1,"column":26}},"1":{"start":{"line":2,"column":0},"end":{"line":2,"column":8}},"2":{"start":{"line":3,"column":0},"end":{"line":3,"column":11}},"3":{"start":{"line":4,"column":0},"end":{"line":4,"column":6}},"4":{"start":{"line":5,"column":0},"end":{"line":5,"column":8}},"5":{"start":{"line":6,"column":0},"end":{"line":6,"column":8}},"6":{"start":{"line":7,"column":0},"end":{"line":7,"column":16}},"7":{"start":{"line":8,"column":0},"end":{"line":8,"column":10}},"8":{"start":{"line":9,"column":0},"end":{"line":9,"column":9}},"9":{"start":{"line":10,"column":0},"end":{"line":10,"column":22}},"10":{"start":{"line":11,"column":0},"end":{"line":11,"column":18}},"11":{"start":{"line":12,"column":0},"end":{"line":12,"column":65}},"12":{"start":{"line":13,"column":0},"end":{"line":13,"column":32}},"13":{"start":{"line":14,"column":0},"end":{"line":14,"column":15}},"14":{"start":{"line":15,"column":0},"end":{"line":15,"column":38}},"15":{"start":{"line":16,"column":0},"end":{"line":16,"column":61}},"16":{"start":{"line":17,"column":0},"end":{"line":17,"column":0}},"17":{"start":{"line":18,"column":0},"end":{"line":18,"column":42}},"18":{"start":{"line":19,"column":0},"end":{"line":19,"column":54}},"19":{"start":{"line":20,"column":0},"end":{"line":20,"column":35}},"20":{"start":{"line":21,"column":0},"end":{"line":21,"column":61}},"21":{"start":{"line":22,"column":0},"end":{"line":22,"column":32}},"22":{"start":{"line":23,"column":0},"end":{"line":23,"column":28}},"23":{"start":{"line":24,"column":0},"end":{"line":24,"column":60}},"24":{"start":{"line":25,"column":0},"end":{"line":25,"column":6}},"25":{"start":{"line":26,"column":0},"end":{"line":26,"column":6}},"26":{"start":{"line":27,"column":0},"end":{"line":27,"column":0}},"27":{"start":{"line":28,"column":0},"end":{"line":28,"column":60}},"28":{"start":{"line":29,"column":0},"end":{"line":29,"column":0}},"29":{"start":{"line":30,"column":0},"end":{"line":30,"column":10}},"30":{"start":{"line":31,"column":0},"end":{"line":31,"column":57}},"31":{"start":{"line":32,"column":0},"end":{"line":32,"column":52}},"32":{"start":{"line":33,"column":0},"end":{"line":33,"column":56}},"33":{"start":{"line":34,"column":0},"end":{"line":34,"column":24}},"34":{"start":{"line":35,"column":0},"end":{"line":35,"column":31}},"35":{"start":{"line":36,"column":0},"end":{"line":36,"column":55}},"36":{"start":{"line":37,"column":0},"end":{"line":37,"column":33}},"37":{"start":{"line":38,"column":0},"end":{"line":38,"column":12}},"38":{"start":{"line":39,"column":0},"end":{"line":39,"column":16}},"39":{"start":{"line":40,"column":0},"end":{"line":40,"column":22}},"40":{"start":{"line":41,"column":0},"end":{"line":41,"column":25}},"41":{"start":{"line":42,"column":0},"end":{"line":42,"column":63}},"42":{"start":{"line":43,"column":0},"end":{"line":43,"column":12}},"43":{"start":{"line":44,"column":0},"end":{"line":44,"column":16}},"44":{"start":{"line":45,"column":0},"end":{"line":45,"column":22}},"45":{"start":{"line":46,"column":0},"end":{"line":46,"column":63}},"46":{"start":{"line":47,"column":0},"end":{"line":47,"column":39}},"47":{"start":{"line":48,"column":0},"end":{"line":48,"column":12}},"48":{"start":{"line":49,"column":0},"end":{"line":49,"column":62}},"49":{"start":{"line":50,"column":0},"end":{"line":50,"column":20}},"50":{"start":{"line":51,"column":0},"end":{"line":51,"column":14}},"51":{"start":{"line":52,"column":0},"end":{"line":52,"column":33}},"52":{"start":{"line":53,"column":0},"end":{"line":53,"column":57}},"53":{"start":{"line":54,"column":0},"end":{"line":54,"column":12}},"54":{"start":{"line":55,"column":0},"end":{"line":55,"column":19}},"55":{"start":{"line":56,"column":0},"end":{"line":56,"column":28}},"56":{"start":{"line":57,"column":0},"end":{"line":57,"column":10}},"57":{"start":{"line":58,"column":0},"end":{"line":58,"column":4}},"58":{"start":{"line":59,"column":0},"end":{"line":59,"column":2}},"59":{"start":{"line":60,"column":0},"end":{"line":60,"column":0}},"60":{"start":{"line":61,"column":0},"end":{"line":61,"column":32}}},"s":{"0":1,"1":1,"2":1,"3":1,"4":1,"5":1,"6":1,"7":1,"8":1,"9":1,"10":1,"11":1,"12":1,"13":1,"14":1,"15":1,"16":1,"17":1,"18":4,"19":4,"20":4,"21":6,"22":6,"23":6,"24":6,"25":4,"26":4,"27":4,"28":4,"29":4,"30":4,"31":4,"32":4,"33":4,"34":4,"35":4,"36":4,"37":4,"38":4,"39":4,"40":4,"41":4,"42":4,"43":4,"44":4,"45":4,"46":4,"47":4,"48":4,"49":4,"50":4,"51":4,"52":4,"53":4,"54":4,"55":4,"56":4,"57":4,"58":4,"59":1,"60":1},"branchMap":{"0":{"type":"branch","line":18,"loc":{"start":{"line":18,"column":35},"end":{"line":59,"column":2}},"locations":[{"start":{"line":18,"column":35},"end":{"line":59,"column":2}}]},"1":{"type":"branch","line":21,"loc":{"start":{"line":21,"column":46},"end":{"line":21,"column":48}},"locations":[{"start":{"line":21,"column":46},"end":{"line":21,"column":48}}]},"2":{"type":"branch","line":21,"loc":{"start":{"line":21,"column":46},"end":{"line":21,"column":48}},"locations":[{"start":{"line":21,"column":46},"end":{"line":21,"column":48}}]},"3":{"type":"branch","line":21,"loc":{"start":{"line":21,"column":46},"end":{"line":26,"column":5}},"locations":[{"start":{"line":21,"column":46},"end":{"line":26,"column":5}}]},"4":{"type":"branch","line":36,"loc":{"start":{"line":36,"column":32},"end":{"line":36,"column":42}},"locations":[{"start":{"line":36,"column":32},"end":{"line":36,"column":42}}]},"5":{"type":"branch","line":36,"loc":{"start":{"line":36,"column":42},"end":{"line":36,"column":52}},"locations":[{"start":{"line":36,"column":42},"end":{"line":36,"column":52}}]},"6":{"type":"branch","line":42,"loc":{"start":{"line":42,"column":38},"end":{"line":42,"column":48}},"locations":[{"start":{"line":42,"column":38},"end":{"line":42,"column":48}}]},"7":{"type":"branch","line":42,"loc":{"start":{"line":42,"column":48},"end":{"line":42,"column":58}},"locations":[{"start":{"line":42,"column":48},"end":{"line":42,"column":58}}]},"8":{"type":"branch","line":46,"loc":{"start":{"line":46,"column":38},"end":{"line":46,"column":48}},"locations":[{"start":{"line":46,"column":38},"end":{"line":46,"column":48}}]},"9":{"type":"branch","line":46,"loc":{"start":{"line":46,"column":48},"end":{"line":46,"column":58}},"locations":[{"start":{"line":46,"column":48},"end":{"line":46,"column":58}}]},"10":{"type":"branch","line":53,"loc":{"start":{"line":53,"column":30},"end":{"line":53,"column":42}},"locations":[{"start":{"line":53,"column":30},"end":{"line":53,"column":42}}]},"11":{"type":"branch","line":53,"loc":{"start":{"line":53,"column":42},"end":{"line":53,"column":54}},"locations":[{"start":{"line":53,"column":42},"end":{"line":53,"column":54}}]},"12":{"type":"branch","line":21,"loc":{"start":{"line":21,"column":52},"end":{"line":26,"column":4}},"locations":[{"start":{"line":21,"column":52},"end":{"line":26,"column":4}}]},"13":{"type":"branch","line":24,"loc":{"start":{"line":24,"column":41},"end":{"line":24,"column":43}},"locations":[{"start":{"line":24,"column":41},"end":{"line":24,"column":43}}]},"14":{"type":"branch","line":24,"loc":{"start":{"line":24,"column":52},"end":{"line":24,"column":60}},"locations":[{"start":{"line":24,"column":52},"end":{"line":24,"column":60}}]},"15":{"type":"branch","line":28,"loc":{"start":{"line":28,"column":22},"end":{"line":28,"column":59}},"locations":[{"start":{"line":28,"column":22},"end":{"line":28,"column":59}}]}},"b":{"0":[4],"1":[2],"2":[1],"3":[2],"4":[1],"5":[2],"6":[1],"7":[2],"8":[1],"9":[2],"10":[1],"11":[2],"12":[6],"13":[0],"14":[0],"15":[30]},"fnMap":{"0":{"name":"TemperatureChart","decl":{"start":{"line":18,"column":35},"end":{"line":59,"column":2}},"loc":{"start":{"line":18,"column":35},"end":{"line":59,"column":2}},"line":18},"1":{"name":"formatYAxis","decl":{"start":{"line":28,"column":22},"end":{"line":28,"column":59}},"loc":{"start":{"line":28,"column":22},"end":{"line":28,"column":59}},"line":28}},"f":{"0":4,"1":30}}
,"C:\\Users\\fozan\\OneDrive\\Documents\\GitHub\\React-Weather-App\\src\\Components\\Compound\\ThemeChanger.tsx": {"path":"C:\\Users\\fozan\\OneDrive\\Documents\\GitHub\\React-Weather-App\\src\\Components\\Compound\\ThemeChanger.tsx","all":false,"statementMap":{"0":{"start":{"line":1,"column":0},"end":{"line":1,"column":26}},"1":{"start":{"line":2,"column":0},"end":{"line":2,"column":39}},"2":{"start":{"line":3,"column":0},"end":{"line":3,"column":40}},"3":{"start":{"line":4,"column":0},"end":{"line":4,"column":38}},"4":{"start":{"line":5,"column":0},"end":{"line":5,"column":61}},"5":{"start":{"line":6,"column":0},"end":{"line":6,"column":0}},"6":{"start":{"line":7,"column":0},"end":{"line":7,"column":38}},"7":{"start":{"line":8,"column":0},"end":{"line":8,"column":41}},"8":{"start":{"line":9,"column":0},"end":{"line":9,"column":10}},"9":{"start":{"line":10,"column":0},"end":{"line":10,"column":11}},"10":{"start":{"line":11,"column":0},"end":{"line":11,"column":27}},"11":{"start":{"line":12,"column":0},"end":{"line":12,"column":13}},"12":{"start":{"line":13,"column":0},"end":{"line":13,"column":82}},"13":{"start":{"line":14,"column":0},"end":{"line":14,"column":20}},"14":{"start":{"line":15,"column":0},"end":{"line":15,"column":31}},"15":{"start":{"line":16,"column":0},"end":{"line":16,"column":5}},"16":{"start":{"line":17,"column":0},"end":{"line":17,"column":12}},"17":{"start":{"line":18,"column":0},"end":{"line":18,"column":104}},"18":{"start":{"line":19,"column":0},"end":{"line":19,"column":21}},"19":{"start":{"line":20,"column":0},"end":{"line":20,"column":17}},"20":{"start":{"line":21,"column":0},"end":{"line":21,"column":18}},"21":{"start":{"line":22,"column":0},"end":{"line":22,"column":8}},"22":{"start":{"line":23,"column":0},"end":{"line":23,"column":13}},"23":{"start":{"line":24,"column":0},"end":{"line":24,"column":97}},"24":{"start":{"line":25,"column":0},"end":{"line":25,"column":21}},"25":{"start":{"line":26,"column":0},"end":{"line":26,"column":17}},"26":{"start":{"line":27,"column":0},"end":{"line":27,"column":19}},"27":{"start":{"line":28,"column":0},"end":{"line":28,"column":8}},"28":{"start":{"line":29,"column":0},"end":{"line":29,"column":13}},"29":{"start":{"line":30,"column":0},"end":{"line":30,"column":4}},"30":{"start":{"line":31,"column":0},"end":{"line":31,"column":2}},"31":{"start":{"line":32,"column":0},"end":{"line":32,"column":0}},"32":{"start":{"line":33,"column":0},"end":{"line":33,"column":28}}},"s":{"0":1,"1":1,"2":1,"3":1,"4":1,"5":1,"6":1,"7":5,"8":5,"9":5,"10":5,"11":5,"12":5,"13":5,"14":5,"15":5,"16":5,"17":5,"18":5,"19":5,"20":5,"21":5,"22":5,"23":5,"24":5,"25":5,"26":5,"27":5,"28":5,"29":5,"30":5,"31":1,"32":1},"branchMap":{"0":{"type":"branch","line":7,"loc":{"start":{"line":7,"column":31},"end":{"line":31,"column":2}},"locations":[{"start":{"line":7,"column":31},"end":{"line":31,"column":2}}]}},"b":{"0":[5]},"fnMap":{"0":{"name":"ThemeChanger","decl":{"start":{"line":7,"column":31},"end":{"line":31,"column":2}},"loc":{"start":{"line":7,"column":31},"end":{"line":31,"column":2}},"line":7}},"f":{"0":5}}
,"C:\\Users\\fozan\\OneDrive\\Documents\\GitHub\\React-Weather-App\\src\\Components\\Compound\\WeahterMetricsCard.tsx": {"path":"C:\\Users\\fozan\\OneDrive\\Documents\\GitHub\\React-Weather-App\\src\\Components\\Compound\\WeahterMetricsCard.tsx","all":false,"statementMap":{"0":{"start":{"line":1,"column":0},"end":{"line":1,"column":26}},"1":{"start":{"line":2,"column":0},"end":{"line":2,"column":65}},"2":{"start":{"line":3,"column":0},"end":{"line":3,"column":84}},"3":{"start":{"line":4,"column":0},"end":{"line":4,"column":0}},"4":{"start":{"line":5,"column":0},"end":{"line":5,"column":44}},"5":{"start":{"line":6,"column":0},"end":{"line":6,"column":53}},"6":{"start":{"line":7,"column":0},"end":{"line":7,"column":0}},"7":{"start":{"line":8,"column":0},"end":{"line":8,"column":62}},"8":{"start":{"line":9,"column":0},"end":{"line":9,"column":10}},"9":{"start":{"line":10,"column":0},"end":{"line":10,"column":8}},"10":{"start":{"line":11,"column":0},"end":{"line":11,"column":38}},"11":{"start":{"line":12,"column":0},"end":{"line":12,"column":113}},"12":{"start":{"line":13,"column":0},"end":{"line":13,"column":5}},"13":{"start":{"line":14,"column":0},"end":{"line":14,"column":37}},"14":{"start":{"line":15,"column":0},"end":{"line":15,"column":70}},"15":{"start":{"line":16,"column":0},"end":{"line":16,"column":73}},"16":{"start":{"line":17,"column":0},"end":{"line":17,"column":71}},"17":{"start":{"line":18,"column":0},"end":{"line":18,"column":16}},"18":{"start":{"line":19,"column":0},"end":{"line":19,"column":51}},"19":{"start":{"line":20,"column":0},"end":{"line":20,"column":48}},"20":{"start":{"line":21,"column":0},"end":{"line":21,"column":26}},"21":{"start":{"line":22,"column":0},"end":{"line":22,"column":61}},"22":{"start":{"line":23,"column":0},"end":{"line":23,"column":17}},"23":{"start":{"line":24,"column":0},"end":{"line":24,"column":21}},"24":{"start":{"line":25,"column":0},"end":{"line":25,"column":30}},"25":{"start":{"line":26,"column":0},"end":{"line":26,"column":14}},"26":{"start":{"line":27,"column":0},"end":{"line":27,"column":9}},"27":{"start":{"line":28,"column":0},"end":{"line":28,"column":10}},"28":{"start":{"line":29,"column":0},"end":{"line":29,"column":4}},"29":{"start":{"line":30,"column":0},"end":{"line":30,"column":2}},"30":{"start":{"line":31,"column":0},"end":{"line":31,"column":34}}},"s":{"0":1,"1":1,"2":1,"3":1,"4":1,"5":1,"6":1,"7":1,"8":1,"9":1,"10":1,"11":1,"12":1,"13":1,"14":3,"15":3,"16":3,"17":3,"18":3,"19":3,"20":3,"21":3,"22":3,"23":3,"24":3,"25":3,"26":1,"27":1,"28":1,"29":1,"30":1},"branchMap":{"0":{"type":"branch","line":5,"loc":{"start":{"line":5,"column":37},"end":{"line":30,"column":2}},"locations":[{"start":{"line":5,"column":37},"end":{"line":30,"column":2}}]},"1":{"type":"branch","line":14,"loc":{"start":{"line":14,"column":19},"end":{"line":26,"column":14}},"locations":[{"start":{"line":14,"column":19},"end":{"line":26,"column":14}}]},"2":{"type":"branch","line":20,"loc":{"start":{"line":20,"column":27},"end":{"line":20,"column":40}},"locations":[{"start":{"line":20,"column":27},"end":{"line":20,"column":40}}]},"3":{"type":"branch","line":20,"loc":{"start":{"line":20,"column":40},"end":{"line":20,"column":47}},"locations":[{"start":{"line":20,"column":40},"end":{"line":20,"column":47}}]},"4":{"type":"branch","line":25,"loc":{"start":{"line":25,"column":22},"end":{"line":25,"column":29}},"locations":[{"start":{"line":25,"column":22},"end":{"line":25,"column":29}}]}},"b":{"0":[1],"1":[3],"2":[2],"3":[1],"4":[2]},"fnMap":{"0":{"name":"WeatherMetricsCard","decl":{"start":{"line":5,"column":37},"end":{"line":30,"column":2}},"loc":{"start":{"line":5,"column":37},"end":{"line":30,"column":2}},"line":5}},"f":{"0":1}}
,"C:\\Users\\fozan\\OneDrive\\Documents\\GitHub\\React-Weather-App\\src\\Components\\Compound\\WeatherAlert.tsx": {"path":"C:\\Users\\fozan\\OneDrive\\Documents\\GitHub\\React-Weather-App\\src\\Components\\Compound\\WeatherAlert.tsx","all":false,"statementMap":{"0":{"start":{"line":1,"column":0},"end":{"line":1,"column":41}},"1":{"start":{"line":2,"column":0},"end":{"line":2,"column":40}},"2":{"start":{"line":3,"column":0},"end":{"line":3,"column":42}},"3":{"start":{"line":4,"column":0},"end":{"line":4,"column":49}},"4":{"start":{"line":5,"column":0},"end":{"line":5,"column":65}},"5":{"start":{"line":6,"column":0},"end":{"line":6,"column":38}},"6":{"start":{"line":7,"column":0},"end":{"line":7,"column":67}},"7":{"start":{"line":8,"column":0},"end":{"line":8,"column":0}},"8":{"start":{"line":9,"column":0},"end":{"line":9,"column":38}},"9":{"start":{"line":10,"column":0},"end":{"line":10,"column":45}},"10":{"start":{"line":11,"column":0},"end":{"line":11,"column":0}},"11":{"start":{"line":12,"column":0},"end":{"line":12,"column":52}},"12":{"start":{"line":13,"column":0},"end":{"line":13,"column":19}},"13":{"start":{"line":14,"column":0},"end":{"line":14,"column":62}},"14":{"start":{"line":15,"column":0},"end":{"line":15,"column":44}},"15":{"start":{"line":16,"column":0},"end":{"line":16,"column":14}},"16":{"start":{"line":17,"column":0},"end":{"line":17,"column":18}},"17":{"start":{"line":18,"column":0},"end":{"line":18,"column":56}},"18":{"start":{"line":19,"column":0},"end":{"line":19,"column":48}},"19":{"start":{"line":20,"column":0},"end":{"line":20,"column":23}},"20":{"start":{"line":21,"column":0},"end":{"line":21,"column":42}},"21":{"start":{"line":22,"column":0},"end":{"line":22,"column":53}},"22":{"start":{"line":23,"column":0},"end":{"line":23,"column":30}},"23":{"start":{"line":24,"column":0},"end":{"line":24,"column":47}},"24":{"start":{"line":25,"column":0},"end":{"line":25,"column":32}},"25":{"start":{"line":26,"column":0},"end":{"line":26,"column":18}},"26":{"start":{"line":27,"column":0},"end":{"line":27,"column":20}},"27":{"start":{"line":28,"column":0},"end":{"line":28,"column":60}},"28":{"start":{"line":29,"column":0},"end":{"line":29,"column":71}},"29":{"start":{"line":30,"column":0},"end":{"line":30,"column":62}},"30":{"start":{"line":31,"column":0},"end":{"line":31,"column":27}},"31":{"start":{"line":32,"column":0},"end":{"line":32,"column":25}},"32":{"start":{"line":33,"column":0},"end":{"line":33,"column":29}},"33":{"start":{"line":34,"column":0},"end":{"line":34,"column":37}},"34":{"start":{"line":35,"column":0},"end":{"line":35,"column":56}},"35":{"start":{"line":36,"column":0},"end":{"line":36,"column":35}},"36":{"start":{"line":37,"column":0},"end":{"line":37,"column":24}},"37":{"start":{"line":38,"column":0},"end":{"line":38,"column":21}},"38":{"start":{"line":39,"column":0},"end":{"line":39,"column":20}},"39":{"start":{"line":40,"column":0},"end":{"line":40,"column":18}},"40":{"start":{"line":41,"column":0},"end":{"line":41,"column":12}},"41":{"start":{"line":42,"column":0},"end":{"line":42,"column":11}},"42":{"start":{"line":43,"column":0},"end":{"line":43,"column":27}},"43":{"start":{"line":44,"column":0},"end":{"line":44,"column":27}},"44":{"start":{"line":45,"column":0},"end":{"line":45,"column":11}},"45":{"start":{"line":46,"column":0},"end":{"line":46,"column":10}},"46":{"start":{"line":47,"column":0},"end":{"line":47,"column":9}},"47":{"start":{"line":48,"column":0},"end":{"line":48,"column":5}},"48":{"start":{"line":49,"column":0},"end":{"line":49,"column":13}},"49":{"start":{"line":50,"column":0},"end":{"line":50,"column":0}},"50":{"start":{"line":51,"column":0},"end":{"line":51,"column":43}},"51":{"start":{"line":52,"column":0},"end":{"line":52,"column":0}},"52":{"start":{"line":53,"column":0},"end":{"line":53,"column":39}},"53":{"start":{"line":54,"column":0},"end":{"line":54,"column":30}},"54":{"start":{"line":55,"column":0},"end":{"line":55,"column":103}},"55":{"start":{"line":56,"column":0},"end":{"line":56,"column":23}},"56":{"start":{"line":57,"column":0},"end":{"line":57,"column":30}},"57":{"start":{"line":58,"column":0},"end":{"line":58,"column":9}},"58":{"start":{"line":59,"column":0},"end":{"line":59,"column":12}},"59":{"start":{"line":60,"column":0},"end":{"line":60,"column":12}},"60":{"start":{"line":61,"column":0},"end":{"line":61,"column":16}},"61":{"start":{"line":62,"column":0},"end":{"line":62,"column":43}},"62":{"start":{"line":63,"column":0},"end":{"line":63,"column":46}},"63":{"start":{"line":64,"column":0},"end":{"line":64,"column":21}},"64":{"start":{"line":65,"column":0},"end":{"line":65,"column":42}},"65":{"start":{"line":66,"column":0},"end":{"line":66,"column":51}},"66":{"start":{"line":67,"column":0},"end":{"line":67,"column":28}},"67":{"start":{"line":68,"column":0},"end":{"line":68,"column":45}},"68":{"start":{"line":69,"column":0},"end":{"line":69,"column":30}},"69":{"start":{"line":70,"column":0},"end":{"line":70,"column":16}},"70":{"start":{"line":71,"column":0},"end":{"line":71,"column":18}},"71":{"start":{"line":72,"column":0},"end":{"line":72,"column":52}},"72":{"start":{"line":73,"column":0},"end":{"line":73,"column":41}},"73":{"start":{"line":74,"column":0},"end":{"line":74,"column":20}},"74":{"start":{"line":75,"column":0},"end":{"line":75,"column":29}},"75":{"start":{"line":76,"column":0},"end":{"line":76,"column":73}},"76":{"start":{"line":77,"column":0},"end":{"line":77,"column":17}},"77":{"start":{"line":78,"column":0},"end":{"line":78,"column":60}},"78":{"start":{"line":79,"column":0},"end":{"line":79,"column":71}},"79":{"start":{"line":80,"column":0},"end":{"line":80,"column":43}},"80":{"start":{"line":81,"column":0},"end":{"line":81,"column":27}},"81":{"start":{"line":82,"column":0},"end":{"line":82,"column":29}},"82":{"start":{"line":83,"column":0},"end":{"line":83,"column":33}},"83":{"start":{"line":84,"column":0},"end":{"line":84,"column":41}},"84":{"start":{"line":85,"column":0},"end":{"line":85,"column":60}},"85":{"start":{"line":86,"column":0},"end":{"line":86,"column":39}},"86":{"start":{"line":87,"column":0},"end":{"line":87,"column":28}},"87":{"start":{"line":88,"column":0},"end":{"line":88,"column":25}},"88":{"start":{"line":89,"column":0},"end":{"line":89,"column":24}},"89":{"start":{"line":90,"column":0},"end":{"line":90,"column":22}},"90":{"start":{"line":91,"column":0},"end":{"line":91,"column":17}},"91":{"start":{"line":92,"column":0},"end":{"line":92,"column":18}},"92":{"start":{"line":93,"column":0},"end":{"line":93,"column":16}},"93":{"start":{"line":94,"column":0},"end":{"line":94,"column":10}},"94":{"start":{"line":95,"column":0},"end":{"line":95,"column":50}},"95":{"start":{"line":96,"column":0},"end":{"line":96,"column":8}},"96":{"start":{"line":97,"column":0},"end":{"line":97,"column":5}},"97":{"start":{"line":98,"column":0},"end":{"line":98,"column":4}},"98":{"start":{"line":99,"column":0},"end":{"line":99,"column":0}},"99":{"start":{"line":100,"column":0},"end":{"line":100,"column":10}},"100":{"start":{"line":101,"column":0},"end":{"line":101,"column":46}},"101":{"start":{"line":102,"column":0},"end":{"line":102,"column":14}},"102":{"start":{"line":103,"column":0},"end":{"line":103,"column":23}},"103":{"start":{"line":104,"column":0},"end":{"line":104,"column":20}},"104":{"start":{"line":105,"column":0},"end":{"line":105,"column":81}},"105":{"start":{"line":106,"column":0},"end":{"line":106,"column":10}},"106":{"start":{"line":107,"column":0},"end":{"line":107,"column":8}},"107":{"start":{"line":108,"column":0},"end":{"line":108,"column":13}},"108":{"start":{"line":109,"column":0},"end":{"line":109,"column":25}},"109":{"start":{"line":110,"column":0},"end":{"line":110,"column":20}},"110":{"start":{"line":111,"column":0},"end":{"line":111,"column":22}},"111":{"start":{"line":112,"column":0},"end":{"line":112,"column":33}},"112":{"start":{"line":113,"column":0},"end":{"line":113,"column":49}},"113":{"start":{"line":114,"column":0},"end":{"line":114,"column":8}},"114":{"start":{"line":115,"column":0},"end":{"line":115,"column":10}},"115":{"start":{"line":116,"column":0},"end":{"line":116,"column":4}},"116":{"start":{"line":117,"column":0},"end":{"line":117,"column":2}},"117":{"start":{"line":118,"column":0},"end":{"line":118,"column":0}},"118":{"start":{"line":119,"column":0},"end":{"line":119,"column":28}}},"s":{"0":1,"1":1,"2":1,"3":1,"4":1,"5":1,"6":1,"7":1,"8":1,"9":4,"10":4,"11":4,"12":4,"13":4,"14":1,"15":1,"16":1,"17":7,"18":7,"19":7,"20":7,"21":7,"22":7,"23":7,"24":7,"25":7,"26":7,"27":7,"28":7,"29":7,"30":7,"31":7,"32":7,"33":7,"34":7,"35":7,"36":7,"37":7,"38":7,"39":7,"40":1,"41":1,"42":1,"43":1,"44":1,"45":1,"46":1,"47":1,"48":4,"49":4,"50":4,"51":4,"52":4,"53":3,"54":2,"55":2,"56":2,"57":2,"58":3,"59":1,"60":1,"61":5,"62":5,"63":5,"64":5,"65":5,"66":5,"67":5,"68":5,"69":5,"70":5,"71":5,"72":5,"73":5,"74":5,"75":5,"76":5,"77":5,"78":5,"79":5,"80":5,"81":5,"82":5,"83":5,"84":5,"85":5,"86":5,"87":5,"88":5,"89":5,"90":5,"91":5,"92":5,"93":1,"94":1,"95":1,"96":1,"97":4,"98":4,"99":4,"100":4,"101":4,"102":4,"103":4,"104":4,"105":4,"106":4,"107":4,"108":4,"109":4,"110":4,"111":4,"112":4,"113":4,"114":4,"115":4,"116":4,"117":1,"118":1},"branchMap":{"0":{"type":"branch","line":9,"loc":{"start":{"line":9,"column":31},"end":{"line":117,"column":2}},"locations":[{"start":{"line":9,"column":31},"end":{"line":117,"column":2}}]},"1":{"type":"branch","line":51,"loc":{"start":{"line":51,"column":21},"end":{"line":51,"column":31}},"locations":[{"start":{"line":51,"column":21},"end":{"line":51,"column":31}}]},"2":{"type":"branch","line":51,"loc":{"start":{"line":51,"column":29},"end":{"line":51,"column":31}},"locations":[{"start":{"line":51,"column":29},"end":{"line":51,"column":31}}]},"3":{"type":"branch","line":51,"loc":{"start":{"line":51,"column":29},"end":{"line":51,"column":31}},"locations":[{"start":{"line":51,"column":29},"end":{"line":51,"column":31}}]},"4":{"type":"branch","line":51,"loc":{"start":{"line":51,"column":29},"end":{"line":51,"column":36}},"locations":[{"start":{"line":51,"column":29},"end":{"line":51,"column":36}}]},"5":{"type":"branch","line":51,"loc":{"start":{"line":51,"column":36},"end":{"line":51,"column":42}},"locations":[{"start":{"line":51,"column":36},"end":{"line":51,"column":42}}]},"6":{"type":"branch","line":13,"loc":{"start":{"line":13,"column":12},"end":{"line":49,"column":3}},"locations":[{"start":{"line":13,"column":12},"end":{"line":49,"column":3}}]},"7":{"type":"branch","line":14,"loc":{"start":{"line":14,"column":12},"end":{"line":14,"column":27}},"locations":[{"start":{"line":14,"column":12},"end":{"line":14,"column":27}}]},"8":{"type":"branch","line":14,"loc":{"start":{"line":14,"column":27},"end":{"line":14,"column":59}},"locations":[{"start":{"line":14,"column":27},"end":{"line":14,"column":59}}]},"9":{"type":"branch","line":14,"loc":{"start":{"line":14,"column":61},"end":{"line":48,"column":5}},"locations":[{"start":{"line":14,"column":61},"end":{"line":48,"column":5}}]},"10":{"type":"branch","line":15,"loc":{"start":{"line":15,"column":32},"end":{"line":47,"column":7}},"locations":[{"start":{"line":15,"column":32},"end":{"line":47,"column":7}}]},"11":{"type":"branch","line":17,"loc":{"start":{"line":17,"column":10},"end":{"line":40,"column":18}},"locations":[{"start":{"line":17,"column":10},"end":{"line":40,"column":18}}]},"12":{"type":"branch","line":34,"loc":{"start":{"line":34,"column":23},"end":{"line":37,"column":24}},"locations":[{"start":{"line":34,"column":23},"end":{"line":37,"column":24}}]},"13":{"type":"branch","line":53,"loc":{"start":{"line":53,"column":26},"end":{"line":98,"column":3}},"locations":[{"start":{"line":53,"column":26},"end":{"line":98,"column":3}}]},"14":{"type":"branch","line":54,"loc":{"start":{"line":54,"column":29},"end":{"line":59,"column":5}},"locations":[{"start":{"line":54,"column":29},"end":{"line":59,"column":5}}]},"15":{"type":"branch","line":59,"loc":{"start":{"line":59,"column":5},"end":{"line":97,"column":5}},"locations":[{"start":{"line":59,"column":5},"end":{"line":97,"column":5}}]},"16":{"type":"branch","line":61,"loc":{"start":{"line":61,"column":8},"end":{"line":93,"column":16}},"locations":[{"start":{"line":61,"column":8},"end":{"line":93,"column":16}}]},"17":{"type":"branch","line":73,"loc":{"start":{"line":73,"column":26},"end":{"line":90,"column":22}},"locations":[{"start":{"line":73,"column":26},"end":{"line":90,"column":22}}]},"18":{"type":"branch","line":84,"loc":{"start":{"line":84,"column":27},"end":{"line":87,"column":28}},"locations":[{"start":{"line":84,"column":27},"end":{"line":87,"column":28}}]}},"b":{"0":[4],"1":[3],"2":[3],"3":[2],"4":[2],"5":[2],"6":[4],"7":[3],"8":[2],"9":[1],"10":[1],"11":[7],"12":[7],"13":[3],"14":[2],"15":[1],"16":[5],"17":[5],"18":[5]},"fnMap":{"0":{"name":"WeatherAlert","decl":{"start":{"line":9,"column":31},"end":{"line":117,"column":2}},"loc":{"start":{"line":9,"column":31},"end":{"line":117,"column":2}},"line":9},"1":{"name":"duration","decl":{"start":{"line":17,"column":10},"end":{"line":40,"column":18}},"loc":{"start":{"line":17,"column":10},"end":{"line":40,"column":18}},"line":17},"2":{"name":"onClick","decl":{"start":{"line":22,"column":27},"end":{"line":22,"column":53}},"loc":{"start":{"line":22,"column":27},"end":{"line":22,"column":53}},"line":22},"3":{"name":"handleBellClick","decl":{"start":{"line":53,"column":26},"end":{"line":98,"column":3}},"loc":{"start":{"line":53,"column":26},"end":{"line":98,"column":3}},"line":53},"4":{"name":"duration","decl":{"start":{"line":61,"column":8},"end":{"line":93,"column":16}},"loc":{"start":{"line":61,"column":8},"end":{"line":93,"column":16}},"line":61},"5":{"name":"onClick","decl":{"start":{"line":66,"column":25},"end":{"line":66,"column":51}},"loc":{"start":{"line":66,"column":25},"end":{"line":66,"column":51}},"line":66}},"f":{"0":4,"1":7,"2":0,"3":3,"4":5,"5":0}}
,"C:\\Users\\fozan\\OneDrive\\Documents\\GitHub\\React-Weather-App\\src\\Components\\Compound\\WeatherForecastItem.tsx": {"path":"C:\\Users\\fozan\\OneDrive\\Documents\\GitHub\\React-Weather-App\\src\\Components\\Compound\\WeatherForecastItem.tsx","all":false,"statementMap":{"0":{"start":{"line":1,"column":0},"end":{"line":1,"column":26}},"1":{"start":{"line":2,"column":0},"end":{"line":2,"column":65}},"2":{"start":{"line":3,"column":0},"end":{"line":3,"column":0}},"3":{"start":{"line":4,"column":0},"end":{"line":4,"column":17}},"4":{"start":{"line":5,"column":0},"end":{"line":5,"column":9}},"5":{"start":{"line":6,"column":0},"end":{"line":6,"column":17}},"6":{"start":{"line":7,"column":0},"end":{"line":7,"column":17}},"7":{"start":{"line":8,"column":0},"end":{"line":8,"column":16}},"8":{"start":{"line":9,"column":0},"end":{"line":9,"column":22}},"9":{"start":{"line":10,"column":0},"end":{"line":10,"column":4}},"10":{"start":{"line":11,"column":0},"end":{"line":11,"column":33}},"11":{"start":{"line":12,"column":0},"end":{"line":12,"column":1}},"12":{"start":{"line":13,"column":0},"end":{"line":13,"column":0}},"13":{"start":{"line":14,"column":0},"end":{"line":14,"column":78}},"14":{"start":{"line":15,"column":0},"end":{"line":15,"column":58}},"15":{"start":{"line":16,"column":0},"end":{"line":16,"column":10}},"16":{"start":{"line":17,"column":0},"end":{"line":17,"column":8}},"17":{"start":{"line":18,"column":0},"end":{"line":18,"column":39}},"18":{"start":{"line":19,"column":0},"end":{"line":19,"column":19}},"19":{"start":{"line":20,"column":0},"end":{"line":20,"column":18}},"20":{"start":{"line":21,"column":0},"end":{"line":21,"column":25}},"21":{"start":{"line":22,"column":0},"end":{"line":22,"column":49}},"22":{"start":{"line":23,"column":0},"end":{"line":23,"column":39}},"23":{"start":{"line":24,"column":0},"end":{"line":24,"column":9}},"24":{"start":{"line":25,"column":0},"end":{"line":25,"column":8}},"25":{"start":{"line":26,"column":0},"end":{"line":26,"column":20}},"26":{"start":{"line":27,"column":0},"end":{"line":27,"column":36}},"27":{"start":{"line":28,"column":0},"end":{"line":28,"column":28}},"28":{"start":{"line":29,"column":0},"end":{"line":29,"column":40}},"29":{"start":{"line":30,"column":0},"end":{"line":30,"column":7}},"30":{"start":{"line":31,"column":0},"end":{"line":31,"column":197}},"31":{"start":{"line":32,"column":0},"end":{"line":32,"column":5}},"32":{"start":{"line":33,"column":0},"end":{"line":33,"column":58}},"33":{"start":{"line":34,"column":0},"end":{"line":34,"column":22}},"34":{"start":{"line":35,"column":0},"end":{"line":35,"column":11}},"35":{"start":{"line":36,"column":0},"end":{"line":36,"column":65}},"36":{"start":{"line":37,"column":0},"end":{"line":37,"column":70}},"37":{"start":{"line":38,"column":0},"end":{"line":38,"column":10}},"38":{"start":{"line":39,"column":0},"end":{"line":39,"column":4}},"39":{"start":{"line":40,"column":0},"end":{"line":40,"column":2}},"40":{"start":{"line":41,"column":0},"end":{"line":41,"column":0}},"41":{"start":{"line":42,"column":0},"end":{"line":42,"column":35}}},"s":{"0":1,"1":1,"2":1,"3":1,"4":1,"5":1,"6":1,"7":1,"8":1,"9":1,"10":1,"11":1,"12":1,"13":1,"14":26,"15":26,"16":26,"17":26,"18":26,"19":26,"20":26,"21":4,"22":4,"23":4,"24":4,"25":26,"26":2,"27":1,"28":1,"29":26,"30":26,"31":26,"32":26,"33":26,"34":26,"35":26,"36":26,"37":26,"38":26,"39":26,"40":1,"41":1},"branchMap":{"0":{"type":"branch","line":14,"loc":{"start":{"line":14,"column":45},"end":{"line":40,"column":2}},"locations":[{"start":{"line":14,"column":45},"end":{"line":40,"column":2}}]},"1":{"type":"branch","line":14,"loc":{"start":{"line":14,"column":63},"end":{"line":14,"column":70}},"locations":[{"start":{"line":14,"column":63},"end":{"line":14,"column":70}}]},"2":{"type":"branch","line":31,"loc":{"start":{"line":31,"column":111},"end":{"line":31,"column":149}},"locations":[{"start":{"line":31,"column":111},"end":{"line":31,"column":149}}]},"3":{"type":"branch","line":31,"loc":{"start":{"line":31,"column":149},"end":{"line":31,"column":154}},"locations":[{"start":{"line":31,"column":149},"end":{"line":31,"column":154}}]},"4":{"type":"branch","line":21,"loc":{"start":{"line":21,"column":17},"end":{"line":25,"column":8}},"locations":[{"start":{"line":21,"column":17},"end":{"line":25,"column":8}}]},"5":{"type":"branch","line":22,"loc":{"start":{"line":22,"column":29},"end":{"line":22,"column":46}},"locations":[{"start":{"line":22,"column":29},"end":{"line":22,"column":46}}]},"6":{"type":"branch","line":26,"loc":{"start":{"line":26,"column":15},"end":{"line":29,"column":40}},"locations":[{"start":{"line":26,"column":15},"end":{"line":29,"column":40}}]},"7":{"type":"branch","line":28,"loc":{"start":{"line":28,"column":-1},"end":{"line":28,"column":28}},"locations":[{"start":{"line":28,"column":-1},"end":{"line":28,"column":28}}]},"8":{"type":"branch","line":29,"loc":{"start":{"line":29,"column":-1},"end":{"line":29,"column":40}},"locations":[{"start":{"line":29,"column":-1},"end":{"line":29,"column":40}}]}},"b":{"0":[26],"1":[0],"2":[15],"3":[11],"4":[4],"5":[2],"6":[2],"7":[1],"8":[1]},"fnMap":{"0":{"name":"WeatherForecastItem","decl":{"start":{"line":14,"column":45},"end":{"line":40,"column":2}},"loc":{"start":{"line":14,"column":45},"end":{"line":40,"column":2}},"line":14},"1":{"name":"onKeyDown","decl":{"start":{"line":21,"column":17},"end":{"line":25,"column":8}},"loc":{"start":{"line":21,"column":17},"end":{"line":25,"column":8}},"line":21},"2":{"name":"onClick","decl":{"start":{"line":26,"column":15},"end":{"line":29,"column":40}},"loc":{"start":{"line":26,"column":15},"end":{"line":29,"column":40}},"line":26}},"f":{"0":26,"1":4,"2":2}}
[...]
,"78":2,"79":2,"80":2,"81":2,"82":1,"83":1,"84":1,"85":1,"86":1,"87":1,"88":1,"89":1,"90":1,"91":1,"92":2,"93":2,"94":2,"95":2,"96":2,"97":1,"98":1},"branchMap":{"0":{"type":"branch","line":2,"loc":{"start":{"line":2,"column":0},"end":{"line":2,"column":25}},"locations":[{"start":{"line":2,"column":0},"end":{"line":2,"column":25}}]},"1":{"type":"branch","line":2,"loc":{"start":{"line":2,"column":0},"end":{"line":2,"column":25}},"locations":[{"start":{"line":2,"column":0},"end":{"line":2,"column":25}}]},"2":{"type":"branch","line":2,"loc":{"start":{"line":2,"column":0},"end":{"line":2,"column":25}},"locations":[{"start":{"line":2,"column":0},"end":{"line":2,"column":25}}]},"3":{"type":"branch","line":2,"loc":{"start":{"line":2,"column":0},"end":{"line":2,"column":25}},"locations":[{"start":{"line":2,"column":0},"end":{"line":2,"column":25}}]},"4":{"type":"branch","line":2,"loc":{"start":{"line":2,"column":0},"end":{"line":2,"column":25}},"locations":[{"start":{"line":2,"column":0},"end":{"line":2,"column":25}}]},"5":{"type":"branch","line":2,"loc":{"start":{"line":2,"column":0},"end":{"line":2,"column":25}},"locations":[{"start":{"line":2,"column":0},"end":{"line":2,"column":25}}]},"6":{"type":"branch","line":2,"loc":{"start":{"line":2,"column":0},"end":{"line":2,"column":25}},"locations":[{"start":{"line":2,"column":0},"end":{"line":2,"column":25}}]},"7":{"type":"branch","line":2,"loc":{"start":{"line":2,"column":0},"end":{"line":2,"column":25}},"locations":[{"start":{"line":2,"column":0},"end":{"line":2,"column":25}}]},"8":{"type":"branch","line":50,"loc":{"start":{"line":50,"column":27},"end":{"line":97,"column":2}},"locations":[{"start":{"line":50,"column":27},"end":{"line":97,"column":2}}]},"9":{"type":"branch","line":67,"loc":{"start":{"line":67,"column":13},"end":{"line":72,"column":8}},"locations":[{"start":{"line":67,"column":13},"end":{"line":72,"column":8}}]},"10":{"type":"branch","line":67,"loc":{"start":{"line":67,"column":15},"end":{"line":71,"column":29}},"locations":[{"start":{"line":67,"column":15},"end":{"line":71,"column":29}}]},"11":{"type":"branch","line":67,"loc":{"start":{"line":67,"column":15},"end":{"line":71,"column":29}},"locations":[{"start":{"line":67,"column":15},"end":{"line":71,"column":29}}]},"12":{"type":"branch","line":67,"loc":{"start":{"line":67,"column":15},"end":{"line":70,"column":10}},"locations":[{"start":{"line":67,"column":15},"end":{"line":70,"column":10}}]},"13":{"type":"branch","line":70,"loc":{"start":{"line":70,"column":9},"end":{"line":71,"column":29}},"locations":[{"start":{"line":70,"column":9},"end":{"line":71,"column":29}}]},"14":{"type":"branch","line":71,"loc":{"start":{"line":71,"column":28},"end":{"line":71,"column":29}},"locations":[{"start":{"line":71,"column":28},"end":{"line":71,"column":29}}]},"15":{"type":"branch","line":71,"loc":{"start":{"line":71,"column":28},"end":{"line":71,"column":29}},"locations":[{"start":{"line":71,"column":28},"end":{"line":71,"column":29}}]},"16":{"type":"branch","line":72,"loc":{"start":{"line":72,"column":7},"end":{"line":72,"column":8}},"locations":[{"start":{"line":72,"column":7},"end":{"line":72,"column":8}}]},"17":{"type":"branch","line":76,"loc":{"start":{"line":76,"column":4},"end":{"line":77,"column":81}},"locations":[{"start":{"line":76,"column":4},"end":{"line":77,"column":81}}]},"18":{"type":"branch","line":77,"loc":{"start":{"line":77,"column":10},"end":{"line":77,"column":12}},"locations":[{"start":{"line":77,"column":10},"end":{"line":77,"column":12}}]},"19":{"type":"branch","line":77,"loc":{"start":{"line":77,"column":24},"end":{"line":77,"column":79}},"locations":[{"start":{"line":77,"column":24},"end":{"line":77,"column":79}}]},"20":{"type":"branch","line":82,"loc":{"start":{"line":82,"column":4},"end":{"line":92,"column":20}},"locations":[{"start":{"line":82,"column":4},"end":{"line":92,"column":20}}]},"21":{"type":"branch","line":92,"loc":{"start":{"line":92,"column":-1},"end":{"line":92,"column":19}},"locations":[{"start":{"line":92,"column":-1},"end":{"line":92,"column":19}}]},"22":{"type":"branch","line":84,"loc":{"start":{"line":84,"column":27},"end":{"line":91,"column":12}},"locations":[{"start":{"line":84,"column":27},"end":{"line":91,"column":12}}]},"23":{"type":"branch","line":86,"loc":{"start":{"line":86,"column":55},"end":{"line":86,"column":57}},"locations":[{"start":{"line":86,"column":55},"end":{"line":86,"column":57}}]},"24":{"type":"branch","line":86,"loc":{"start":{"line":86,"column":66},"end":{"line":86,"column":74}},"locations":[{"start":{"line":86,"column":66},"end":{"line":86,"column":74}}]}},"b":{"0":[2],"1":[0],"2":[1],"3":[1],"4":[2],"5":[1],"6":[1],"7":[2],"8":[2],"9":[2],"10":[1],"11":[3],"12":[1],"13":[1],"14":[0],"15":[1],"16":[1],"17":[1],"18":[0],"19":[1],"20":[1],"21":[0],"22":[1],"23":[0],"24":[0]},"fnMap":{"0":{"name":"asyncGeneratorStep","decl":{"start":{"line":2,"column":0},"end":{"line":2,"column":25}},"loc":{"start":{"line":2,"column":0},"end":{"line":2,"column":25}},"line":2},"1":{"name":"_asyncToGenerator","decl":{"start":{"line":2,"column":0},"end":{"line":2,"column":25}},"loc":{"start":{"line":2,"column":0},"end":{"line":2,"column":25}},"line":2},"2":{"name":"_next","decl":{"start":{"line":2,"column":0},"end":{"line":2,"column":25}},"loc":{"start":{"line":2,"column":0},"end":{"line":2,"column":25}},"line":2},"3":{"name":"_throw","decl":{"start":{"line":2,"column":0},"end":{"line":2,"column":25}},"loc":{"start":{"line":2,"column":0},"end":{"line":2,"column":25}},"line":2},"4":{"name":"useWeatherForecast","decl":{"start":{"line":50,"column":27},"end":{"line":97,"column":2}},"loc":{"start":{"line":50,"column":27},"end":{"line":97,"column":2}},"line":50},"5":{"name":"_callee","decl":{"start":{"line":67,"column":15},"end":{"line":71,"column":29}},"loc":{"start":{"line":67,"column":15},"end":{"line":71,"column":29}},"line":67},"6":{"name":"_callee$","decl":{"start":{"line":67,"column":15},"end":{"line":71,"column":29}},"loc":{"start":{"line":67,"column":15},"end":{"line":71,"column":29}},"line":67},"7":{"name":"queryFn","decl":{"start":{"line":72,"column":7},"end":{"line":72,"column":8}},"loc":{"start":{"line":72,"column":7},"end":{"line":72,"column":8}},"line":72}},"f":{"0":2,"1":2,"2":2,"3":0,"4":2,"5":1,"6":3,"7":1}}
,"C:\\Users\\fozan\\OneDrive\\Documents\\GitHub\\React-Weather-App\\src\\HelperFunctions\\CalculateWeatherMetrics.ts": {"path":"C:\\Users\\fozan\\OneDrive\\Documents\\GitHub\\React-Weather-App\\src\\HelperFunctions\\CalculateWeatherMetrics.ts","all":false,"statementMap":{"0":{"start":{"line":1,"column":0},"end":{"line":1,"column":40}},"1":{"start":{"line":2,"column":0},"end":{"line":2,"column":44}},"2":{"start":{"line":3,"column":0},"end":{"line":3,"column":50}},"3":{"start":{"line":4,"column":0},"end":{"line":4,"column":0}},"4":{"start":{"line":5,"column":0},"end":{"line":5,"column":18}},"5":{"start":{"line":6,"column":0},"end":{"line":6,"column":26}},"6":{"start":{"line":7,"column":0},"end":{"line":7,"column":28}},"7":{"start":{"line":8,"column":0},"end":{"line":8,"column":15}},"8":{"start":{"line":9,"column":0},"end":{"line":9,"column":1}},"9":{"start":{"line":10,"column":0},"end":{"line":10,"column":0}},"10":{"start":{"line":11,"column":0},"end":{"line":11,"column":30}},"11":{"start":{"line":12,"column":0},"end":{"line":12,"column":26}},"12":{"start":{"line":13,"column":0},"end":{"line":13,"column":26}},"13":{"start":{"line":14,"column":0},"end":{"line":14,"column":29}},"14":{"start":{"line":15,"column":0},"end":{"line":15,"column":1}},"15":{"start":{"line":16,"column":0},"end":{"line":16,"column":0}},"16":{"start":{"line":17,"column":0},"end":{"line":17,"column":33}},"17":{"start":{"line":18,"column":0},"end":{"line":18,"column":39}},"18":{"start":{"line":19,"column":0},"end":{"line":19,"column":16}},"19":{"start":{"line":20,"column":0},"end":{"line":20,"column":40}},"20":{"start":{"line":21,"column":0},"end":{"line":21,"column":43}},"21":{"start":{"line":22,"column":0},"end":{"line":22,"column":50}},"22":{"start":{"line":23,"column":0},"end":{"line":23,"column":0}},"23":{"start":{"line":24,"column":0},"end":{"line":24,"column":29}},"24":{"start":{"line":25,"column":0},"end":{"line":25,"column":5}},"25":{"start":{"line":26,"column":0},"end":{"line":26,"column":19}},"26":{"start":{"line":27,"column":0},"end":{"line":27,"column":24}},"27":{"start":{"line":28,"column":0},"end":{"line":28,"column":19}},"28":{"start":{"line":29,"column":0},"end":{"line":29,"column":6}},"29":{"start":{"line":30,"column":0},"end":{"line":30,"column":5}},"30":{"start":{"line":31,"column":0},"end":{"line":31,"column":23}},"31":{"start":{"line":32,"column":0},"end":{"line":32,"column":28}},"32":{"start":{"line":33,"column":0},"end":{"line":33,"column":16}},"33":{"start":{"line":34,"column":0},"end":{"line":34,"column":6}},"34":{"start":{"line":35,"column":0},"end":{"line":35,"column":5}},"35":{"start":{"line":36,"column":0},"end":{"line":36,"column":29}},"36":{"start":{"line":37,"column":0},"end":{"line":37,"column":24}},"37":{"start":{"line":38,"column":0},"end":{"line":38,"column":17}},"38":{"start":{"line":39,"column":0},"end":{"line":39,"column":6}},"39":{"start":{"line":40,"column":0},"end":{"line":40,"column":4}},"40":{"start":{"line":41,"column":0},"end":{"line":41,"column":0}},"41":{"start":{"line":42,"column":0},"end":{"line":42,"column":17}},"42":{"start":{"line":43,"column":0},"end":{"line":43,"column":2}},"43":{"start":{"line":44,"column":0},"end":{"line":44,"column":0}},"44":{"start":{"line":45,"column":0},"end":{"line":45,"column":39}}},"s":{"0":1,"1":1,"2":1,"3":1,"4":1,"5":1,"6":1,"7":1,"8":1,"9":1,"10":1,"11":1,"12":1,"13":1,"14":1,"15":1,"16":1,"17":3,"18":3,"19":3,"20":3,"21":3,"22":3,"23":3,"24":3,"25":3,"26":3,"27":3,"28":3,"29":3,"30":3,"31":3,"32":3,"33":3,"34":3,"35":3,"36":3,"37":3,"38":3,"39":3,"40":3,"41":3,"42":3,"43":1,"44":1},"branchMap":{"0":{"type":"branch","line":17,"loc":{"start":{"line":17,"column":32},"end":{"line":43,"column":2}},"locations":[{"start":{"line":17,"column":32},"end":{"line":43,"column":2}}]},"1":{"type":"branch","line":20,"loc":{"start":{"line":20,"column":25},"end":{"line":20,"column":27}},"locations":[{"start":{"line":20,"column":25},"end":{"line":20,"column":27}}]},"2":{"type":"branch","line":20,"loc":{"start":{"line":20,"column":25},"end":{"line":20,"column":34}},"locations":[{"start":{"line":20,"column":25},"end":{"line":20,"column":34}}]},"3":{"type":"branch","line":20,"loc":{"start":{"line":20,"column":31},"end":{"line":20,"column":34}},"locations":[{"start":{"line":20,"column":31},"end":{"line":20,"column":34}}]},"4":{"type":"branch","line":20,"loc":{"start":{"line":20,"column":31},"end":{"line":20,"column":34}},"locations":[{"start":{"line":20,"column":31},"end":{"line":20,"column":34}}]},"5":{"type":"branch","line":20,"loc":{"start":{"line":20,"column":31},"end":{"line":20,"column":39}},"locations":[{"start":{"line":20,"column":31},"end":{"line":20,"column":39}}]},"6":{"type":"branch","line":21,"loc":{"start":{"line":21,"column":25},"end":{"line":21,"column":27}},"locations":[{"start":{"line":21,"column":25},"end":{"line":21,"column":27}}]},"7":{"type":"branch","line":21,"loc":{"start":{"line":21,"column":25},"end":{"line":21,"column":27}},"locations":[{"start":{"line":21,"column":25},"end":{"line":21,"column":27}}]},"8":{"type":"branch","line":21,"loc":{"start":{"line":21,"column":25},"end":{"line":21,"column":37}},"locations":[{"start":{"line":21,"column":25},"end":{"line":21,"column":37}}]},"9":{"type":"branch","line":21,"loc":{"start":{"line":21,"column":37},"end":{"line":21,"column":41}},"locations":[{"start":{"line":21,"column":37},"end":{"line":21,"column":41}}]},"10":{"type":"branch","line":21,"loc":{"start":{"line":21,"column":37},"end":{"line":21,"column":42}},"locations":[{"start":{"line":21,"column":37},"end":{"line":21,"column":42}}]},"11":{"type":"branch","line":22,"loc":{"start":{"line":22,"column":29},"end":{"line":22,"column":31}},"locations":[{"start":{"line":22,"column":29},"end":{"line":22,"column":31}}]},"12":{"type":"branch","line":22,"loc":{"start":{"line":22,"column":29},"end":{"line":22,"column":31}},"locations":[{"start":{"line":22,"column":29},"end":{"line":22,"column":31}}]},"13":{"type":"branch","line":22,"loc":{"start":{"line":22,"column":29},"end":{"line":22,"column":44}},"locations":[{"start":{"line":22,"column":29},"end":{"line":22,"column":44}}]},"14":{"type":"branch","line":22,"loc":{"start":{"line":22,"column":44},"end":{"line":22,"column":48}},"locations":[{"start":{"line":22,"column":44},"end":{"line":22,"column":48}}]},"15":{"type":"branch","line":22,"loc":{"start":{"line":22,"column":44},"end":{"line":22,"column":49}},"locations":[{"start":{"line":22,"column":44},"end":{"line":22,"column":49}}]}},"b":{"0":[3],"1":[2],"2":[2],"3":[2],"4":[2],"5":[1],"6":[2],"7":[1],"8":[2],"9":[2],"10":[1],"11":[2],"12":[1],"13":[2],"14":[2],"15":[1]},"fnMap":{"0":{"name":"calculateWeatherMetrics","decl":{"start":{"line":17,"column":32},"end":{"line":43,"column":2}},"loc":{"start":{"line":17,"column":32},"end":{"line":43,"column":2}},"line":17}},"f":{"0":3}}
,"C:\\Users\\fozan\\OneDrive\\Documents\\GitHub\\React-Weather-App\\src\\HelperFunctions\\Helper.ts": {"path":"C:\\Users\\fozan\\OneDrive\\Documents\\GitHub\\React-Weather-App\\src\\HelperFunctions\\Helper.ts","all":false,"statementMap":{"0":{"start":{"line":1,"column":0},"end":{"line":1,"column":47}},"1":{"start":{"line":2,"column":0},"end":{"line":2,"column":29}},"2":{"start":{"line":3,"column":0},"end":{"line":3,"column":23}},"3":{"start":{"line":4,"column":0},"end":{"line":4,"column":60}},"4":{"start":{"line":5,"column":0},"end":{"line":5,"column":1}},"5":{"start":{"line":6,"column":0},"end":{"line":6,"column":0}},"6":{"start":{"line":7,"column":0},"end":{"line":7,"column":61}},"7":{"start":{"line":8,"column":0},"end":{"line":8,"column":36}},"8":{"start":{"line":9,"column":0},"end":{"line":9,"column":64}},"9":{"start":{"line":10,"column":0},"end":{"line":10,"column":2}}},"s":{"0":1,"1":11,"2":11,"3":11,"4":11,"5":1,"6":1,"7":8,"8":8,"9":8},"branchMap":{"0":{"type":"branch","line":1,"loc":{"start":{"line":1,"column":15},"end":{"line":5,"column":1}},"locations":[{"start":{"line":1,"column":15},"end":{"line":5,"column":1}}]},"1":{"type":"branch","line":4,"loc":{"start":{"line":4,"column":29},"end":{"line":4,"column":47}},"locations":[{"start":{"line":4,"column":29},"end":{"line":4,"column":47}}]},"2":{"type":"branch","line":4,"loc":{"start":{"line":4,"column":47},"end":{"line":4,"column":59}},"locations":[{"start":{"line":4,"column":47},"end":{"line":4,"column":59}}]},"3":{"type":"branch","line":7,"loc":{"start":{"line":7,"column":28},"end":{"line":10,"column":2}},"locations":[{"start":{"line":7,"column":28},"end":{"line":10,"column":2}}]}},"b":{"0":[11],"1":[10],"2":[1],"3":[8]},"fnMap":{"0":{"name":"convertKelvinToCelsius","decl":{"start":{"line":1,"column":15},"end":{"line":5,"column":1}},"loc":{"start":{"line":1,"column":15},"end":{"line":5,"column":1}},"line":1},"1":{"name":"getDayOfWeek","decl":{"start":{"line":7,"column":28},"end":{"line":10,"column":2}},"loc":{"start":{"line":7,"column":28},"end":{"line":10,"column":2}},"line":7}},"f":{"0":11,"1":8}}
,"C:\\Users\\fozan\\OneDrive\\Documents\\GitHub\\React-Weather-App\\src\\HelperFunctions\\Suneventtimes.ts": {"path":"C:\\Users\\fozan\\OneDrive\\Documents\\GitHub\\React-Weather-App\\src\\HelperFunctions\\Suneventtimes.ts","all":false,"statementMap":{"0":{"start":{"line":1,"column":0},"end":{"line":1,"column":23}},"1":{"start":{"line":2,"column":0},"end":{"line":2,"column":8}},"2":{"start":{"line":3,"column":0},"end":{"line":3,"column":20}},"3":{"start":{"line":4,"column":0},"end":{"line":4,"column":19}},"4":{"start":{"line":5,"column":0},"end":{"line":5,"column":4}},"5":{"start":{"line":6,"column":0},"end":{"line":6,"column":1}},"6":{"start":{"line":7,"column":0},"end":{"line":7,"column":25}},"7":{"start":{"line":8,"column":0},"end":{"line":8,"column":15}},"8":{"start":{"line":9,"column":0},"end":{"line":9,"column":15}},"9":{"start":{"line":10,"column":0},"end":{"line":10,"column":23}},"10":{"start":{"line":11,"column":0},"end":{"line":11,"column":1}},"11":{"start":{"line":12,"column":0},"end":{"line":12,"column":0}},"12":{"start":{"line":13,"column":0},"end":{"line":13,"column":23}},"13":{"start":{"line":14,"column":0},"end":{"line":14,"column":46}},"14":{"start":{"line":15,"column":0},"end":{"line":15,"column":23}},"15":{"start":{"line":16,"column":0},"end":{"line":16,"column":37}},"16":{"start":{"line":17,"column":0},"end":{"line":17,"column":0}},"17":{"start":{"line":18,"column":0},"end":{"line":18,"column":53}},"18":{"start":{"line":19,"column":0},"end":{"line":19,"column":0}},"19":{"start":{"line":20,"column":0},"end":{"line":20,"column":47}},"20":{"start":{"line":21,"column":0},"end":{"line":21,"column":45}},"21":{"start":{"line":22,"column":0},"end":{"line":22,"column":0}},"22":{"start":{"line":23,"column":0},"end":{"line":23,"column":58}},"23":{"start":{"line":24,"column":0},"end":{"line":24,"column":20}},"24":{"start":{"line":25,"column":0},"end":{"line":25,"column":22}},"25":{"start":{"line":26,"column":0},"end":{"line":26,"column":5}},"26":{"start":{"line":27,"column":0},"end":{"line":27,"column":56}},"27":{"start":{"line":28,"column":0},"end":{"line":28,"column":20}},"28":{"start":{"line":29,"column":0},"end":{"line":29,"column":22}},"29":{"start":{"line":30,"column":0},"end":{"line":30,"column":5}},"30":{"start":{"line":31,"column":0},"end":{"line":31,"column":0}},"31":{"start":{"line":32,"column":0},"end":{"line":32,"column":96}},"32":{"start":{"line":33,"column":0},"end":{"line":33,"column":93}},"33":{"start":{"line":34,"column":0},"end":{"line":34,"column":0}},"34":{"start":{"line":35,"column":0},"end":{"line":35,"column":75}},"35":{"start":{"line":36,"column":0},"end":{"line":36,"column":70}},"36":{"start":{"line":37,"column":0},"end":{"line":37,"column":20}},"37":{"start":{"line":38,"column":0},"end":{"line":38,"column":22}},"38":{"start":{"line":39,"column":0},"end":{"line":39,"column":5}},"39":{"start":{"line":40,"column":0},"end":{"line":40,"column":112}},"40":{"start":{"line":41,"column":0},"end":{"line":41,"column":0}},"41":{"start":{"line":42,"column":0},"end":{"line":42,"column":10}},"42":{"start":{"line":43,"column":0},"end":{"line":43,"column":72}},"43":{"start":{"line":44,"column":0},"end":{"line":44,"column":5}},"44":{"start":{"line":45,"column":0},"end":{"line":45,"column":26}},"45":{"start":{"line":46,"column":0},"end":{"line":46,"column":32}},"46":{"start":{"line":47,"column":0},"end":{"line":47,"column":42}},"47":{"start":{"line":48,"column":0},"end":{"line":48,"column":6}},"48":{"start":{"line":49,"column":0},"end":{"line":49,"column":69}},"49":{"start":{"line":50,"column":0},"end":{"line":50,"column":4}},"50":{"start":{"line":51,"column":0},"end":{"line":51,"column":2}},"51":{"start":{"line":52,"column":0},"end":{"line":52,"column":0}},"52":{"start":{"line":53,"column":0},"end":{"line":53,"column":29}}},"s":{"0":1,"1":1,"2":1,"3":1,"4":1,"5":1,"6":1,"7":1,"8":1,"9":1,"10":1,"11":1,"12":1,"13":2,"14":2,"15":2,"16":1,"17":1,"18":1,"19":1,"20":1,"21":1,"22":1,"23":1,"24":1,"25":1,"26":1,"27":1,"28":1,"29":1,"30":1,"31":1,"32":1,"33":1,"34":1,"35":1,"36":1,"37":1,"38":1,"39":1,"40":1,"41":1,"42":1,"43":1,"44":1,"45":1,"46":1,"47":1,"48":1,"49":1,"50":1,"51":1,"52":1},"branchMap":{"0":{"type":"branch","line":13,"loc":{"start":{"line":13,"column":22},"end":{"line":51,"column":2}},"locations":[{"start":{"line":13,"column":22},"end":{"line":51,"column":2}}]},"1":{"type":"branch","line":16,"loc":{"start":{"line":16,"column":27},"end":{"line":51,"column":2}},"locations":[{"start":{"line":16,"column":27},"end":{"line":51,"column":2}}]}},"b":{"0":[2],"1":[1]},"fnMap":{"0":{"name":"suneventtimes","decl":{"start":{"line":13,"column":22},"end":{"line":51,"column":2}},"loc":{"start":{"line":13,"column":22},"end":{"line":51,"column":2}},"line":13}},"f":{"0":2}}
}
