TN:
SF:src\ApiConfig\ApiConfig.ts
FNF:0
FNH:0
DA:1,1
DA:2,1
DA:3,1
DA:4,1
LF:4
LH:4
BRF:0
BRH:0
end_of_record
TN:
SF:src\Components\Complex\WeatherForecastCard.tsx
FN:7,WeatherForecastCard
FNF:1
FNH:1
FNDA:3,WeatherForecastCard
DA:1,1
DA:2,1
DA:3,1
DA:4,1
DA:5,1
DA:6,1
DA:7,1
DA:8,3
DA:9,3
DA:10,3
DA:11,3
DA:12,3
DA:13,2
DA:14,1
DA:15,1
DA:16,3
DA:17,3
DA:18,3
DA:19,3
DA:20,2
DA:21,2
DA:22,2
DA:23,2
DA:24,3
DA:25,10
DA:26,3
DA:27,3
DA:28,3
DA:29,3
DA:30,3
DA:31,10
DA:32,3
DA:33,3
DA:34,3
DA:35,3
DA:36,3
DA:37,3
DA:38,1
DA:39,1
LF:39
LH:39
BRDA:7,0,0,3
BRDA:18,1,0,0
BRDA:19,2,0,1
BRDA:19,3,0,2
BRDA:24,4,0,0
BRDA:24,5,0,2
BRDA:30,6,0,2
BRDA:30,7,0,0
BRDA:30,8,0,2
BRDA:12,9,0,2
BRDA:13,10,0,1
BRDA:13,11,0,1
BRDA:24,12,0,10
BRDA:30,13,0,10
BRF:14
BRH:11
end_of_record
TN:
SF:src\Components\Compound\CurrentLocation.tsx
FN:7,CurrentLocation
FN:17,onSuccess
FN:22,onError
FN:33,handleLocation
FNF:4
FNH:4
FNDA:3,CurrentLocation
FNDA:1,onSuccess
FNDA:1,onError
FNDA:2,handleLocation
DA:1,1
DA:2,1
DA:3,1
DA:4,1
DA:5,1
DA:6,1
DA:7,1
DA:8,3
DA:9,3
DA:10,3
DA:11,3
DA:12,2
DA:13,0
DA:14,0
DA:15,3
DA:16,3
DA:17,3
DA:18,1
DA:19,1
DA:20,3
DA:21,3
DA:22,3
DA:23,1
DA:24,1
DA:25,1
DA:26,3
DA:27,3
DA:28,3
DA:29,3
DA:30,3
DA:31,3
DA:32,3
DA:33,3
DA:34,2
DA:35,2
DA:36,2
DA:37,3
DA:38,3
DA:39,3
DA:40,3
DA:41,3
DA:42,3
DA:43,3
DA:44,3
DA:45,3
DA:46,3
DA:47,3
DA:48,3
DA:49,1
LF:49
LH:47
BRDA:7,0,0,3
BRDA:11,1,0,2
BRDA:12,2,0,0
BRDA:17,3,0,1
BRDA:22,4,0,1
BRDA:33,5,0,2
BRF:6
BRH:5
end_of_record
TN:
SF:src\Components\Compound\CurrentTime.tsx
FN:8,CurrentTime
FNF:1
FNH:1
FNDA:5,CurrentTime
DA:1,1
DA:2,1
DA:3,1
DA:4,1
DA:5,1
DA:6,1
DA:7,1
DA:8,1
DA:9,5
DA:10,5
DA:11,5
DA:12,5
DA:13,5
DA:14,4
DA:15,1
DA:16,4
DA:17,4
DA:18,4
DA:19,5
DA:20,5
DA:21,5
DA:22,5
DA:23,1
LF:23
LH:23
BRDA:8,0,0,5
BRDA:8,1,0,0
BRDA:13,2,0,4
BRDA:14,3,0,1
BRDA:18,4,0,4
BRF:5
BRH:4
end_of_record
TN:
SF:src\Components\Compound\CurrentWeatherCard.tsx
FN:22,CurrentWeatherCard
FNF:1
FNH:1
FNDA:4,CurrentWeatherCard
DA:1,1
DA:2,1
DA:3,1
DA:4,1
DA:5,1
DA:6,1
DA:7,1
DA:8,1
DA:9,1
DA:10,1
DA:11,1
DA:12,1
DA:13,1
DA:14,1
DA:15,1
DA:16,1
DA:17,1
DA:18,1
DA:19,1
DA:20,1
DA:21,1
DA:22,1
DA:23,4
DA:24,4
DA:25,4
DA:26,4
DA:27,4
DA:28,4
DA:29,2
DA:30,2
DA:31,0
DA:32,0
DA:33,0
DA:34,0
DA:35,0
DA:36,2
DA:37,2
DA:38,2
DA:39,2
DA:40,2
DA:41,4
DA:42,4
DA:43,4
DA:44,2
DA:45,4
DA:46,1
DA:47,4
DA:48,4
DA:49,4
DA:50,4
DA:51,4
DA:52,4
DA:53,4
DA:54,4
DA:55,4
DA:56,4
DA:57,4
DA:58,4
DA:59,4
DA:60,4
DA:61,4
DA:62,4
DA:63,4
DA:64,4
DA:65,4
DA:66,4
DA:67,4
DA:68,4
DA:69,4
DA:70,4
DA:71,4
DA:72,4
DA:73,4
DA:74,4
DA:75,4
DA:76,4
DA:77,4
DA:78,4
DA:79,4
DA:80,1
DA:81,1
LF:81
LH:76
BRDA:22,0,0,4
BRDA:43,1,0,2
BRDA:45,2,0,1
BRDA:45,3,0,1
BRDA:45,4,0,1
BRDA:45,5,0,1
BRDA:45,6,0,1
BRDA:45,7,0,1
BRDA:46,8,0,1
BRDA:46,9,0,1
BRDA:65,10,0,1
BRDA:65,11,0,1
BRDA:65,12,0,1
BRDA:65,13,0,2
BRDA:65,14,0,1
BRDA:65,15,0,1
BRDA:73,16,0,1
BRDA:73,17,0,1
BRDA:73,18,0,0
BRDA:73,19,0,2
BRDA:28,20,0,2
BRDA:30,21,0,0
BRDA:30,22,0,0
BRF:23
BRH:20
end_of_record
TN:
SF:src\Components\Compound\FavCities.tsx
FN:6,FavCities
FN:21,onClick
FNF:2
FNH:2
FNDA:5,FavCities
FNDA:3,onClick
DA:1,1
DA:2,1
DA:3,1
DA:4,1
DA:5,1
DA:6,1
DA:7,5
DA:8,5
DA:9,5
DA:10,5
DA:11,5
DA:12,5
DA:13,5
DA:14,5
DA:15,1
DA:16,4
DA:17,4
DA:18,5
DA:19,5
DA:20,5
DA:21,5
DA:22,3
DA:23,1
DA:24,2
DA:25,5
DA:26,5
DA:27,5
DA:28,5
DA:29,1
DA:30,1
LF:30
LH:30
BRDA:6,0,0,5
BRDA:14,1,0,1
BRDA:16,2,0,4
BRDA:21,3,0,3
BRDA:22,4,0,2
BRDA:23,5,0,1
BRDA:24,6,0,2
BRDA:23,7,0,1
BRDA:24,8,0,2
BRDA:24,9,0,1
BRF:10
BRH:10
end_of_record
TN:
SF:src\Components\Compound\Slider.tsx
FN:10,SimpleSlider
FNF:1
FNH:1
FNDA:3,SimpleSlider
DA:1,1
DA:2,1
DA:3,1
DA:4,1
DA:5,1
DA:6,1
DA:7,1
DA:8,1
DA:9,1
DA:10,1
DA:11,3
DA:12,3
DA:13,3
DA:14,3
DA:15,3
DA:16,3
DA:17,3
DA:18,3
DA:19,3
DA:20,3
DA:21,3
DA:22,3
DA:23,3
DA:24,3
DA:25,3
DA:26,3
DA:27,3
DA:28,3
DA:29,3
DA:30,3
DA:31,1
DA:32,1
LF:32
LH:32
BRDA:10,0,0,3
BRF:1
BRH:1
end_of_record
TN:
SF:src\Components\Compound\SunEvent.tsx
FN:12,SunEvent
FNF:1
FNH:1
FNDA:3,SunEvent
DA:1,1
DA:2,1
DA:3,1
DA:4,1
DA:5,1
DA:6,1
DA:7,1
DA:8,1
DA:9,1
DA:10,1
DA:11,1
DA:12,1
DA:13,3
DA:14,3
DA:15,3
DA:16,3
DA:17,3
DA:18,3
DA:19,3
DA:20,3
DA:21,3
DA:22,3
DA:23,3
DA:24,3
DA:25,3
DA:26,3
DA:27,3
DA:28,3
DA:29,3
DA:30,3
DA:31,3
DA:32,3
DA:33,3
DA:34,3
DA:35,3
DA:36,3
DA:37,1
DA:38,1
LF:38
LH:38
BRDA:12,0,0,3
BRDA:17,1,0,2
BRDA:17,2,0,1
BRDA:19,3,0,2
BRDA:19,4,0,1
BRDA:23,5,0,2
BRDA:23,6,0,1
BRDA:26,7,0,2
BRDA:26,8,0,1
BRF:9
BRH:9
end_of_record
TN:
SF:src\Components\Compound\SuneventCard.tsx
FN:13,SuneventCard
FNF:1
FNH:1
FNDA:3,SuneventCard
DA:1,1
DA:2,1
DA:3,1
DA:4,1
DA:5,1
DA:6,1
DA:7,1
DA:8,1
DA:9,1
DA:10,1
DA:11,1
DA:12,1
DA:13,1
DA:14,3
DA:15,3
DA:16,3
DA:17,2
DA:18,2
DA:19,1
DA:20,2
DA:21,1
DA:22,1
DA:23,1
DA:24,1
DA:25,1
DA:26,1
DA:27,1
DA:28,3
DA:29,3
DA:30,3
DA:31,3
DA:32,1
DA:33,3
DA:34,3
DA:35,3
DA:36,3
DA:37,3
DA:38,1
DA:39,1
LF:39
LH:39
BRDA:13,0,0,3
BRDA:31,1,0,1
BRDA:16,2,0,2
BRDA:18,3,0,1
BRDA:18,4,0,1
BRDA:18,5,0,1
BRDA:18,6,0,1
BRDA:19,7,0,0
BRDA:20,8,0,1
BRDA:32,9,0,3
BRF:10
BRH:9
end_of_record
TN:
SF:src\Components\Compound\TemperatureChart.tsx
FN:18,TemperatureChart
FN:28,formatYAxis
FNF:2
FNH:2
FNDA:4,TemperatureChart
FNDA:30,formatYAxis
DA:1,1
DA:2,1
DA:3,1
DA:4,1
DA:5,1
DA:6,1
DA:7,1
DA:8,1
DA:9,1
DA:10,1
DA:11,1
DA:12,1
DA:13,1
DA:14,1
DA:15,1
DA:16,1
DA:17,1
DA:18,1
DA:19,4
DA:20,4
DA:21,4
DA:22,6
DA:23,6
DA:24,6
DA:25,6
DA:26,4
DA:27,4
DA:28,4
DA:29,4
DA:30,4
DA:31,4
DA:32,4
DA:33,4
DA:34,4
DA:35,4
DA:36,4
DA:37,4
DA:38,4
DA:39,4
DA:40,4
DA:41,4
DA:42,4
DA:43,4
DA:44,4
DA:45,4
DA:46,4
DA:47,4
DA:48,4
DA:49,4
DA:50,4
DA:51,4
DA:52,4
DA:53,4
DA:54,4
DA:55,4
DA:56,4
DA:57,4
DA:58,4
DA:59,4
DA:60,1
DA:61,1
LF:61
LH:61
BRDA:18,0,0,4
BRDA:21,1,0,2
BRDA:21,2,0,1
BRDA:21,3,0,2
BRDA:36,4,0,1
BRDA:36,5,0,2
BRDA:42,6,0,1
BRDA:42,7,0,2
BRDA:46,8,0,1
BRDA:46,9,0,2
BRDA:53,10,0,1
BRDA:53,11,0,2
BRDA:21,12,0,6
BRDA:24,13,0,0
BRDA:24,14,0,0
BRDA:28,15,0,30
BRF:16
BRH:14
end_of_record
TN:
SF:src\Components\Compound\ThemeChanger.tsx
FN:7,ThemeChanger
FNF:1
FNH:1
FNDA:5,ThemeChanger
DA:1,1
DA:2,1
DA:3,1
DA:4,1
DA:5,1
DA:6,1
DA:7,1
DA:8,5
DA:9,5
DA:10,5
DA:11,5
DA:12,5
DA:13,5
DA:14,5
DA:15,5
DA:16,5
DA:17,5
DA:18,5
DA:19,5
DA:20,5
DA:21,5
DA:22,5
DA:23,5
DA:24,5
DA:25,5
DA:26,5
DA:27,5
DA:28,5
DA:29,5
DA:30,5
DA:31,5
DA:32,1
DA:33,1
LF:33
LH:33
BRDA:7,0,0,5
BRF:1
BRH:1
end_of_record
TN:
SF:src\Components\Compound\WeahterMetricsCard.tsx
FN:5,WeatherMetricsCard
FNF:1
FNH:1
FNDA:1,WeatherMetricsCard
DA:1,1
DA:2,1
DA:3,1
DA:4,1
DA:5,1
DA:6,1
DA:7,1
DA:8,1
DA:9,1
DA:10,1
DA:11,1
DA:12,1
DA:13,1
DA:14,1
DA:15,3
DA:16,3
DA:17,3
DA:18,3
DA:19,3
DA:20,3
DA:21,3
DA:22,3
DA:23,3
DA:24,3
DA:25,3
DA:26,3
DA:27,1
DA:28,1
DA:29,1
DA:30,1
DA:31,1
LF:31
LH:31
BRDA:5,0,0,1
BRDA:14,1,0,3
BRDA:20,2,0,2
BRDA:20,3,0,1
BRDA:25,4,0,2
BRF:5
BRH:5
end_of_record
TN:
SF:src\Components\Compound\WeatherAlert.tsx
FN:9,WeatherAlert
FN:17,duration
FN:22,onClick
FN:53,handleBellClick
FN:61,duration
FN:66,onClick
FNF:6
FNH:4
FNDA:4,WeatherAlert
FNDA:7,duration
FNDA:0,onClick
FNDA:3,handleBellClick
FNDA:5,duration
FNDA:0,onClick
DA:1,1
DA:2,1
DA:3,1
DA:4,1
DA:5,1
DA:6,1
DA:7,1
DA:8,1
DA:9,1
DA:10,4
DA:11,4
DA:12,4
DA:13,4
DA:14,4
DA:15,1
DA:16,1
DA:17,1
DA:18,7
DA:19,7
DA:20,7
DA:21,7
DA:22,7
DA:23,7
DA:24,7
DA:25,7
DA:26,7
DA:27,7
DA:28,7
DA:29,7
DA:30,7
DA:31,7
DA:32,7
DA:33,7
DA:34,7
DA:35,7
DA:36,7
DA:37,7
DA:38,7
DA:39,7
DA:40,7
DA:41,1
DA:42,1
DA:43,1
DA:44,1
DA:45,1
DA:46,1
DA:47,1
DA:48,1
DA:49,4
DA:50,4
DA:51,4
DA:52,4
DA:53,4
DA:54,3
DA:55,2
DA:56,2
DA:57,2
DA:58,2
DA:59,3
DA:60,1
DA:61,1
DA:62,5
DA:63,5
DA:64,5
DA:65,5
DA:66,5
DA:67,5
DA:68,5
DA:69,5
DA:70,5
DA:71,5
DA:72,5
DA:73,5
DA:74,5
DA:75,5
DA:76,5
DA:77,5
DA:78,5
DA:79,5
DA:80,5
DA:81,5
DA:82,5
DA:83,5
DA:84,5
DA:85,5
DA:86,5
DA:87,5
DA:88,5
DA:89,5
DA:90,5
DA:91,5
DA:92,5
DA:93,5
DA:94,1
DA:95,1
DA:96,1
DA:97,1
DA:98,4
DA:99,4
DA:100,4
DA:101,4
DA:102,4
DA:103,4
DA:104,4
DA:105,4
DA:106,4
DA:107,4
DA:108,4
DA:109,4
DA:110,4
DA:111,4
DA:112,4
DA:113,4
DA:114,4
DA:115,4
DA:116,4
DA:117,4
DA:118,1
DA:119,1
LF:119
LH:119
BRDA:9,0,0,4
BRDA:51,1,0,3
BRDA:51,2,0,3
BRDA:51,3,0,2
BRDA:51,4,0,2
BRDA:51,5,0,2
BRDA:13,6,0,4
BRDA:14,7,0,3
BRDA:14,8,0,2
BRDA:14,9,0,1
BRDA:15,10,0,1
BRDA:17,11,0,7
BRDA:34,12,0,7
BRDA:53,13,0,3
BRDA:54,14,0,2
BRDA:59,15,0,1
BRDA:61,16,0,5
BRDA:73,17,0,5
BRDA:84,18,0,5
BRF:19
BRH:19
end_of_record
TN:
SF:src\Components\Compound\WeatherForecastItem.tsx
FN:14,WeatherForecastItem
FN:21,onKeyDown
FN:26,onClick
FNF:3
FNH:3
FNDA:26,WeatherForecastItem
FNDA:4,onKeyDown
FNDA:2,onClick
DA:1,1
DA:2,1
DA:3,1
DA:4,1
DA:5,1
DA:6,1
DA:7,1
DA:8,1
DA:9,1
DA:10,1
DA:11,1
DA:12,1
DA:13,1
DA:14,1
DA:15,26
DA:16,26
DA:17,26
DA:18,26
DA:19,26
DA:20,26
DA:21,26
DA:22,4
DA:23,4
DA:24,4
DA:25,4
DA:26,26
DA:27,2
DA:28,1
DA:29,1
DA:30,26
DA:31,26
DA:32,26
DA:33,26
DA:34,26
DA:35,26
DA:36,26
DA:37,26
DA:38,26
DA:39,26
DA:40,26
DA:41,1
DA:42,1
LF:42
LH:42
BRDA:14,0,0,26
BRDA:14,1,0,0
BRDA:31,2,0,15
BRDA:31,3,0,11
BRDA:21,4,0,4
BRDA:22,5,0,2
BRDA:26,6,0,2
BRDA:28,7,0,1
BRDA:29,8,0,1
BRF:9
BRH:8
end_of_record
TN:
SF:src\Components\Shared\Button.tsx
FN:13,Button
FNF:1
FNH:1
FNDA:34,Button
DA:1,1
DA:2,1
DA:3,1
DA:4,1
DA:5,1
DA:6,1
DA:7,1
DA:8,1
DA:9,1
DA:10,1
DA:11,1
DA:12,1
DA:13,1
DA:14,34
DA:15,34
DA:16,34
DA:17,34
DA:18,34
DA:19,34
DA:20,34
DA:21,34
DA:22,34
DA:23,34
DA:24,34
DA:25,34
DA:26,34
DA:27,34
DA:28,34
DA:29,34
DA:30,34
DA:31,1
DA:32,1
LF:32
LH:32
BRDA:13,0,0,34
BRDA:16,1,0,1
BRDA:16,2,0,33
BRDA:17,3,0,2
BRDA:17,4,0,32
BRDA:18,5,0,28
BRDA:18,6,0,6
BRDA:19,7,0,0
BRDA:27,8,0,3
BRF:9
BRH:8
end_of_record
TN:
SF:src\Components\Shared\Input.tsx
FN:12,Input
FN:20,handleChange
FNF:2
FNH:2
FNDA:3,Input
FNDA:1,handleChange
DA:1,1
DA:2,1
DA:3,1
DA:4,1
DA:5,1
DA:6,1
DA:7,1
DA:8,1
DA:9,1
DA:10,1
DA:11,1
DA:12,1
DA:13,3
DA:14,3
DA:15,3
DA:16,3
DA:17,3
DA:18,3
DA:19,3
DA:20,3
DA:21,1
DA:22,3
DA:23,3
DA:24,3
DA:25,3
DA:26,3
DA:27,3
DA:28,3
DA:29,3
DA:30,3
DA:31,3
DA:32,3
DA:33,3
DA:34,3
DA:35,1
DA:36,1
LF:36
LH:36
BRDA:12,0,0,3
BRDA:20,1,0,1
BRF:2
BRH:2
end_of_record
TN:
SF:src\Components\lazyloaded\LazyCurrentWeatherCard.tsx
FN:3,LazyCurrentWeatherCard
FNF:1
FNH:1
FNDA:1,LazyCurrentWeatherCard
DA:1,1
DA:2,1
DA:3,1
DA:4,1
DA:5,1
DA:6,1
DA:7,1
DA:8,1
DA:9,1
DA:10,1
DA:11,1
LF:11
LH:11
BRDA:3,0,0,1
BRF:1
BRH:1
end_of_record
TN:
SF:src\Components\lazyloaded\LazySuneventCard.tsx
FN:3,LazySuneventCard
FNF:1
FNH:1
FNDA:1,LazySuneventCard
DA:1,1
DA:2,1
DA:3,1
DA:4,1
DA:5,1
DA:6,1
DA:7,1
DA:8,3
DA:9,3
DA:10,3
DA:11,3
DA:12,3
DA:13,3
DA:14,3
DA:15,3
DA:16,3
DA:17,3
DA:18,3
DA:19,3
DA:20,3
DA:21,3
DA:22,3
DA:23,1
DA:24,1
DA:25,1
DA:26,1
DA:27,1
DA:28,1
LF:28
LH:28
BRDA:3,0,0,1
BRDA:7,1,0,3
BRDA:10,2,0,1
BRDA:10,3,0,2
BRDA:13,4,0,1
BRDA:13,5,0,2
BRDA:18,6,0,1
BRDA:18,7,0,2
BRDA:18,8,0,2
BRDA:18,9,0,1
BRF:10
BRH:10
end_of_record
TN:
SF:src\Components\lazyloaded\LazyTemperatureChart.tsx
FN:3,LazyTemperatureChart
FNF:1
FNH:1
FNDA:1,LazyTemperatureChart
DA:1,1
DA:2,1
DA:3,1
DA:4,1
DA:5,1
DA:6,1
DA:7,1
DA:8,1
DA:9,1
DA:10,1
DA:11,1
LF:11
LH:11
BRDA:3,0,0,1
BRF:1
BRH:1
end_of_record
TN:
SF:src\Components\lazyloaded\LazyWeatherForecastCard.tsx
FN:3,LazyWeatherForecastCard
FNF:1
FNH:1
FNDA:1,LazyWeatherForecastCard
DA:1,1
DA:2,1
DA:3,1
DA:4,1
DA:5,1
DA:6,1
DA:7,1
DA:8,1
DA:9,1
LF:9
LH:9
BRDA:3,0,0,1
BRF:1
BRH:1
end_of_record
TN:
SF:src\Components\lazyloaded\LazyWeatherMetrics.tsx
FN:3,LazyWeatherMetrics
FNF:1
FNH:1
FNDA:1,LazyWeatherMetrics
DA:1,1
DA:2,1
DA:3,1
DA:4,1
DA:5,1
DA:6,1
DA:7,1
DA:8,1
DA:9,1
LF:9
LH:9
BRDA:3,0,0,1
BRF:1
BRH:1
end_of_record
TN:
SF:src\Context\ThemeChangerContext.tsx
FN:23,ThemeProvider
FN:37,toggleDarkTheme
FN:53,useTheme
FNF:3
FNH:3
FNDA:15,ThemeProvider
FNDA:2,toggleDarkTheme
FNDA:8,useTheme
DA:1,1
DA:2,1
DA:3,1
DA:4,1
DA:5,1
DA:6,1
DA:7,1
DA:8,1
DA:9,1
DA:10,1
DA:11,1
DA:12,1
DA:13,1
DA:14,1
DA:15,1
DA:16,1
DA:17,1
DA:18,1
DA:19,1
DA:20,1
DA:21,1
DA:22,1
DA:23,1
DA:24,15
DA:25,15
DA:26,15
DA:27,14
DA:28,14
DA:29,14
DA:30,1
DA:31,14
DA:32,13
DA:33,13
DA:34,14
DA:35,15
DA:36,15
DA:37,15
DA:38,2
DA:39,15
DA:40,15
DA:41,15
DA:42,15
DA:43,15
DA:44,15
DA:45,15
DA:46,15
DA:47,15
DA:48,15
DA:49,15
DA:50,15
DA:51,15
DA:52,1
DA:53,1
DA:54,8
DA:55,8
DA:56,0
DA:57,0
DA:58,8
DA:59,8
LF:59
LH:57
BRDA:23,0,0,15
BRDA:26,1,0,14
BRDA:29,2,0,1
BRDA:31,3,0,13
BRDA:37,4,0,2
BRDA:38,5,0,2
BRDA:42,6,0,14
BRDA:53,7,0,8
BRDA:55,8,0,0
BRF:9
BRH:8
end_of_record
TN:
SF:src\Context\WeatherContext.tsx
FN:76,WeatherContextProvider
FN:113,useWeatherContext
FNF:2
FNH:2
FNDA:19,WeatherContextProvider
FNDA:49,useWeatherContext
DA:1,1
DA:2,1
DA:3,1
DA:4,1
DA:5,1
DA:6,1
DA:7,1
DA:8,1
DA:9,1
DA:10,1
DA:11,1
DA:12,1
DA:13,1
DA:14,1
DA:15,1
DA:16,1
DA:17,1
DA:18,1
DA:19,1
DA:20,1
DA:21,1
DA:22,1
DA:23,1
DA:24,1
DA:25,1
DA:26,1
DA:27,1
DA:28,1
DA:29,1
DA:30,1
DA:31,1
DA:32,1
DA:33,1
DA:34,1
DA:35,1
DA:36,1
DA:37,1
DA:38,1
DA:39,1
DA:40,1
DA:41,1
DA:42,1
DA:43,1
DA:44,1
DA:45,1
DA:46,1
DA:47,1
DA:48,1
DA:49,1
DA:50,1
DA:51,1
DA:52,1
DA:53,1
DA:54,1
DA:55,1
DA:56,1
DA:57,1
DA:58,1
DA:59,1
DA:60,1
DA:61,1
DA:62,1
DA:63,1
DA:64,1
DA:65,1
DA:66,1
DA:67,1
DA:68,1
DA:69,1
DA:70,1
DA:71,1
DA:72,1
DA:73,1
DA:74,1
DA:75,1
DA:76,1
DA:77,19
DA:78,19
DA:79,19
DA:80,19
DA:81,19
DA:82,19
DA:83,19
DA:84,19
DA:85,19
DA:86,19
DA:87,19
DA:88,18
DA:89,18
DA:90,18
DA:91,18
DA:92,18
DA:93,18
DA:94,18
DA:95,18
DA:96,18
DA:97,18
DA:98,19
DA:99,19
DA:100,19
DA:101,19
DA:102,19
DA:103,19
DA:104,19
DA:105,19
DA:106,19
DA:107,19
DA:108,1
DA:109,1
DA:110,1
DA:111,1
DA:112,1
DA:113,1
DA:114,49
DA:115,49
DA:116,0
DA:117,0
DA:118,0
DA:119,0
DA:120,48
DA:121,48
LF:121
LH:117
BRDA:76,0,0,19
BRDA:87,1,0,18
BRDA:113,2,0,49
BRDA:115,3,0,0
BRDA:119,4,0,48
BRF:5
BRH:4
end_of_record
TN:
SF:src\CustomeHooks\CurrentLocationHook.tsx
FN:9,useCityNameFetch
FN:18,queryFn
FNF:2
FNH:2
FNDA:5,useCityNameFetch
FNDA:2,queryFn
DA:1,1
DA:2,1
DA:3,1
DA:4,1
DA:5,1
DA:6,1
DA:7,1
DA:8,1
DA:9,1
DA:10,5
DA:11,5
DA:12,5
DA:13,5
DA:14,5
DA:15,5
DA:16,5
DA:17,5
DA:18,5
DA:19,2
DA:20,2
DA:21,2
DA:22,5
DA:23,5
DA:24,5
DA:25,5
DA:26,5
DA:27,5
DA:28,5
DA:29,5
DA:30,1
DA:31,1
LF:31
LH:31
BRDA:9,0,0,5
BRDA:22,1,0,3
BRDA:26,2,0,4
BRDA:26,3,0,1
BRDA:26,4,0,4
BRDA:18,5,0,2
BRDA:21,6,0,2
BRF:7
BRH:7
end_of_record
TN:
SF:src\CustomeHooks\CurrentWeatherHook.tsx
FN:2,asyncGeneratorStep
FN:2,_asyncToGenerator
FN:2,_next
FN:2,_throw
FN:27,useCurrentWeather
FN:38,_callee
FN:38,_callee$
FN:43,queryFn
FNF:8
FNH:7
FNDA:2,asyncGeneratorStep
FNDA:2,_asyncToGenerator
FNDA:2,_next
FNDA:0,_throw
FNDA:2,useCurrentWeather
FNDA:1,_callee
FNDA:3,_callee$
FNDA:1,queryFn
DA:1,1
DA:2,0
DA:3,1
DA:4,1
DA:5,1
DA:6,1
DA:7,1
DA:8,1
DA:9,1
DA:10,1
DA:11,1
DA:12,1
DA:13,1
DA:14,1
DA:15,1
DA:16,1
DA:17,1
DA:18,1
DA:19,1
DA:20,1
DA:21,1
DA:22,1
DA:23,1
DA:24,1
DA:25,1
DA:26,1
DA:27,1
DA:28,2
DA:29,2
DA:30,2
DA:31,2
DA:32,2
DA:33,2
DA:34,2
DA:35,2
DA:36,2
DA:37,2
DA:38,2
DA:39,1
DA:40,1
DA:41,1
DA:42,1
DA:43,2
DA:44,2
DA:45,2
DA:46,2
DA:47,2
DA:48,2
DA:49,2
DA:50,2
DA:51,1
DA:52,1
LF:52
LH:51
BRDA:2,0,0,2
BRDA:2,1,0,0
BRDA:2,2,0,1
BRDA:2,3,0,1
BRDA:2,4,0,2
BRDA:2,5,0,1
BRDA:2,6,0,1
BRDA:2,7,0,2
BRDA:27,8,0,2
BRDA:38,9,0,2
BRDA:38,10,0,1
BRDA:38,11,0,3
BRDA:38,12,0,1
BRDA:41,13,0,1
BRDA:42,14,0,0
BRDA:42,15,0,1
BRDA:43,16,0,1
BRDA:47,17,0,1
BRF:18
BRH:16
end_of_record
TN:
SF:src\CustomeHooks\WeatherAlertHook.tsx
FN:20,useWeatherAlert
FN:29,queryFn
FNF:2
FNH:2
FNDA:2,useWeatherAlert
FNDA:1,queryFn
DA:1,1
DA:2,1
DA:3,1
DA:4,1
DA:5,1
DA:6,1
DA:7,1
DA:8,1
DA:9,1
DA:10,1
DA:11,1
DA:12,1
DA:13,1
DA:14,1
DA:15,1
DA:16,1
DA:17,1
DA:18,1
DA:19,1
DA:20,1
DA:21,2
DA:22,2
DA:23,2
DA:24,2
DA:25,2
DA:26,2
DA:27,2
DA:28,2
DA:29,2
DA:30,1
DA:31,1
DA:32,1
DA:33,2
DA:34,2
DA:35,2
DA:36,2
DA:37,2
DA:38,1
DA:39,1
LF:39
LH:39
BRDA:20,0,0,2
BRDA:29,1,0,1
BRDA:32,2,0,1
BRF:3
BRH:3
end_of_record
TN:
SF:src\CustomeHooks\WeatherForecastHook.tsx
FN:2,asyncGeneratorStep
FN:2,_asyncToGenerator
FN:2,_next
FN:2,_throw
FN:50,useWeatherForecast
FN:67,_callee
FN:67,_callee$
FN:72,queryFn
FNF:8
FNH:7
FNDA:2,asyncGeneratorStep
FNDA:2,_asyncToGenerator
FNDA:2,_next
FNDA:0,_throw
FNDA:2,useWeatherForecast
FNDA:1,_callee
FNDA:3,_callee$
FNDA:1,queryFn
DA:1,1
DA:2,0
DA:3,1
DA:4,1
DA:5,1
DA:6,1
DA:7,1
DA:8,1
DA:9,1
DA:10,1
DA:11,1
DA:12,1
DA:13,1
DA:14,1
DA:15,1
DA:16,1
DA:17,1
DA:18,1
DA:19,1
DA:20,1
DA:21,1
DA:22,1
DA:23,1
DA:24,1
DA:25,1
DA:26,1
DA:27,1
DA:28,1
DA:29,1
DA:30,1
DA:31,1
DA:32,1
DA:33,1
DA:34,1
DA:35,1
DA:36,1
DA:37,1
DA:38,1
DA:39,1
DA:40,1
DA:41,1
DA:42,1
DA:43,1
DA:44,1
DA:45,1
DA:46,1
DA:47,1
DA:48,1
DA:49,1
DA:50,1
DA:51,2
DA:52,2
DA:53,2
DA:54,2
DA:55,2
DA:56,2
DA:57,2
DA:58,2
DA:59,2
DA:60,2
DA:61,2
DA:62,2
DA:63,2
DA:64,2
DA:65,2
DA:66,2
DA:67,2
DA:68,1
DA:69,1
DA:70,1
DA:71,1
DA:72,2
DA:73,2
DA:74,2
DA:75,2
DA:76,2
DA:77,2
DA:78,2
DA:79,2
DA:80,2
DA:81,2
DA:82,2
DA:83,1
DA:84,1
DA:85,1
DA:86,1
DA:87,1
DA:88,1
DA:89,1
DA:90,1
DA:91,1
DA:92,1
DA:93,2
DA:94,2
DA:95,2
DA:96,2
DA:97,2
DA:98,1
DA:99,1
LF:99
LH:98
BRDA:2,0,0,2
BRDA:2,1,0,0
BRDA:2,2,0,1
BRDA:2,3,0,1
BRDA:2,4,0,2
BRDA:2,5,0,1
BRDA:2,6,0,1
BRDA:2,7,0,2
BRDA:50,8,0,2
BRDA:67,9,0,2
BRDA:67,10,0,1
BRDA:67,11,0,3
BRDA:67,12,0,1
BRDA:70,13,0,1
BRDA:71,14,0,0
BRDA:71,15,0,1
BRDA:72,16,0,1
BRDA:76,17,0,1
BRDA:77,18,0,0
BRDA:77,19,0,1
BRDA:82,20,0,1
BRDA:92,21,0,0
BRDA:84,22,0,1
BRDA:86,23,0,0
BRDA:86,24,0,0
BRF:25
BRH:19
end_of_record
TN:
SF:src\HelperFunctions\CalculateWeatherMetrics.ts
FN:17,calculateWeatherMetrics
FNF:1
FNH:1
FNDA:3,calculateWeatherMetrics
DA:1,1
DA:2,1
DA:3,1
DA:4,1
DA:5,1
DA:6,1
DA:7,1
DA:8,1
DA:9,1
DA:10,1
DA:11,1
DA:12,1
DA:13,1
DA:14,1
DA:15,1
DA:16,1
DA:17,1
DA:18,3
DA:19,3
DA:20,3
DA:21,3
DA:22,3
DA:23,3
DA:24,3
DA:25,3
DA:26,3
DA:27,3
DA:28,3
DA:29,3
DA:30,3
DA:31,3
DA:32,3
DA:33,3
DA:34,3
DA:35,3
DA:36,3
DA:37,3
DA:38,3
DA:39,3
DA:40,3
DA:41,3
DA:42,3
DA:43,3
DA:44,1
DA:45,1
LF:45
LH:45
BRDA:17,0,0,3
BRDA:20,1,0,2
BRDA:20,2,0,2
BRDA:20,3,0,2
BRDA:20,4,0,2
BRDA:20,5,0,1
BRDA:21,6,0,2
BRDA:21,7,0,1
BRDA:21,8,0,2
BRDA:21,9,0,2
BRDA:21,10,0,1
BRDA:22,11,0,2
BRDA:22,12,0,1
BRDA:22,13,0,2
BRDA:22,14,0,2
BRDA:22,15,0,1
BRF:16
BRH:16
end_of_record
TN:
SF:src\HelperFunctions\Helper.ts
FN:1,convertKelvinToCelsius
FN:7,getDayOfWeek
FNF:2
FNH:2
FNDA:11,convertKelvinToCelsius
FNDA:8,getDayOfWeek
DA:1,1
DA:2,11
DA:3,11
DA:4,11
DA:5,11
DA:6,1
DA:7,1
DA:8,8
DA:9,8
DA:10,8
LF:10
LH:10
BRDA:1,0,0,11
BRDA:4,1,0,10
BRDA:4,2,0,1
BRDA:7,3,0,8
BRF:4
BRH:4
end_of_record
TN:
SF:src\HelperFunctions\Suneventtimes.ts
FN:13,suneventtimes
FNF:1
FNH:1
FNDA:2,suneventtimes
DA:1,1
DA:2,1
DA:3,1
DA:4,1
DA:5,1
DA:6,1
DA:7,1
DA:8,1
DA:9,1
DA:10,1
DA:11,1
DA:12,1
DA:13,1
DA:14,2
DA:15,2
DA:16,2
DA:17,1
DA:18,1
DA:19,1
DA:20,1
DA:21,1
DA:22,1
DA:23,1
DA:24,1
DA:25,1
DA:26,1
DA:27,1
DA:28,1
DA:29,1
DA:30,1
DA:31,1
DA:32,1
DA:33,1
DA:34,1
DA:35,1
DA:36,1
DA:37,1
DA:38,1
DA:39,1
DA:40,1
DA:41,1
DA:42,1
DA:43,1
DA:44,1
DA:45,1
DA:46,1
DA:47,1
DA:48,1
DA:49,1
DA:50,1
DA:51,1
DA:52,1
DA:53,1
LF:53
LH:53
BRDA:13,0,0,2
BRDA:16,1,0,1
BRF:2
BRH:2
end_of_record
